<?xml version="1.0" encoding="UTF-8"?>
<testsuite xmlns:xsi="http://www.w3.org/2001/XMLSchema-instance" xsi:noNamespaceSchemaLocation="https://maven.apache.org/surefire/maven-surefire-plugin/xsd/surefire-test-report-3.0.xsd" version="3.0" name="com.se300.store.controller.internalmockserver.InternalMockServerTest" time="0.001" tests="7" errors="0" skipped="7" failures="0">
  <properties/>
  <testcase name="testInternalStoreProvisioningAPI" classname="com.se300.store.controller.internalmockserver.InternalMockServerTest" time="0.0">
    <skipped message="Internal mock tests disabled - requires endpoint configuration"/>
  </testcase>
  <testcase name="testInternalStoreRetrievalAPI" classname="com.se300.store.controller.internalmockserver.InternalMockServerTest" time="0.0">
    <skipped message="Internal mock tests disabled - requires endpoint configuration"/>
  </testcase>
  <testcase name="testInternalUserRegistrationAPI" classname="com.se300.store.controller.internalmockserver.InternalMockServerTest" time="0.0">
    <skipped message="Internal mock tests disabled - requires endpoint configuration"/>
  </testcase>
  <testcase name="testInternalAuthenticationAPI" classname="com.se300.store.controller.internalmockserver.InternalMockServerTest" time="0.0">
    <skipped message="Internal mock tests disabled - requires endpoint configuration"/>
  </testcase>
  <testcase name="testInternalErrorHandling" classname="com.se300.store.controller.internalmockserver.InternalMockServerTest" time="0.0">
    <skipped message="Internal mock tests disabled - requires endpoint configuration"/>
  </testcase>
  <testcase name="testInternalUnauthorizedAccess" classname="com.se300.store.controller.internalmockserver.InternalMockServerTest" time="0.0">
    <skipped message="Internal mock tests disabled - requires endpoint configuration"/>
  </testcase>
  <testcase name="testMockServerRequestVerification" classname="com.se300.store.controller.internalmockserver.InternalMockServerTest" time="0.0">
    <skipped message="Internal mock tests disabled - requires endpoint configuration"/>
  </testcase>
</testsuite>