<?xml version="1.0" encoding="UTF-8"?>
<testsuite xmlns:xsi="http://www.w3.org/2001/XMLSchema-instance" xsi:noNamespaceSchemaLocation="https://maven.apache.org/surefire/maven-surefire-plugin/xsd/surefire-test-report-3.0.xsd" version="3.0" name="com.se300.store.controller.integration.ControllerIntegrationTest" time="0.001" tests="15" errors="0" skipped="15" failures="0">
  <properties/>
  <testcase name="testCreateStore" classname="com.se300.store.controller.integration.ControllerIntegrationTest" time="0.0">
    <skipped message="Pending servlet routing configuration - covered by EndToEndSmartStoreTest"/>
  </testcase>
  <testcase name="testGetAllStores" classname="com.se300.store.controller.integration.ControllerIntegrationTest" time="0.0">
    <skipped message="Pending servlet routing configuration - covered by EndToEndSmartStoreTest"/>
  </testcase>
  <testcase name="testGetStoreById" classname="com.se300.store.controller.integration.ControllerIntegrationTest" time="0.0">
    <skipped message="Pending servlet routing configuration - covered by EndToEndSmartStoreTest"/>
  </testcase>
  <testcase name="testUpdateStore" classname="com.se300.store.controller.integration.ControllerIntegrationTest" time="0.0">
    <skipped message="Pending servlet routing configuration - covered by EndToEndSmartStoreTest"/>
  </testcase>
  <testcase name="testDeleteStore" classname="com.se300.store.controller.integration.ControllerIntegrationTest" time="0.0">
    <skipped message="Pending servlet routing configuration - covered by EndToEndSmartStoreTest"/>
  </testcase>
  <testcase name="testStoreCompleteWorkflow" classname="com.se300.store.controller.integration.ControllerIntegrationTest" time="0.0">
    <skipped message="Pending servlet routing configuration - covered by EndToEndSmartStoreTest"/>
  </testcase>
  <testcase name="testRegisterUser" classname="com.se300.store.controller.integration.ControllerIntegrationTest" time="0.0">
    <skipped message="Pending servlet routing configuration - covered by EndToEndSmartStoreTest"/>
  </testcase>
  <testcase name="testGetAllUsers" classname="com.se300.store.controller.integration.ControllerIntegrationTest" time="0.0">
    <skipped message="Pending servlet routing configuration - covered by EndToEndSmartStoreTest"/>
  </testcase>
  <testcase name="testGetUserByEmail" classname="com.se300.store.controller.integration.ControllerIntegrationTest" time="0.0">
    <skipped message="Pending servlet routing configuration - covered by EndToEndSmartStoreTest"/>
  </testcase>
  <testcase name="testUpdateUser" classname="com.se300.store.controller.integration.ControllerIntegrationTest" time="0.0">
    <skipped message="Pending servlet routing configuration - covered by EndToEndSmartStoreTest"/>
  </testcase>
  <testcase name="testDeleteUser" classname="com.se300.store.controller.integration.ControllerIntegrationTest" time="0.0">
    <skipped message="Pending servlet routing configuration - covered by EndToEndSmartStoreTest"/>
  </testcase>
  <testcase name="testUserCompleteWorkflow" classname="com.se300.store.controller.integration.ControllerIntegrationTest" time="0.0">
    <skipped message="Pending servlet routing configuration - covered by EndToEndSmartStoreTest"/>
  </testcase>
  <testcase name="testErrorHandlingMissingParameters" classname="com.se300.store.controller.integration.ControllerIntegrationTest" time="0.0">
    <skipped message="Pending servlet routing configuration - covered by EndToEndSmartStoreTest"/>
  </testcase>
  <testcase name="testErrorHandlingUserNotFound" classname="com.se300.store.controller.integration.ControllerIntegrationTest" time="0.0">
    <skipped message="Pending servlet routing configuration - covered by EndToEndSmartStoreTest"/>
  </testcase>
  <testcase name="testErrorHandlingDuplicateUser" classname="com.se300.store.controller.integration.ControllerIntegrationTest" time="0.0">
    <skipped message="Pending servlet routing configuration - covered by EndToEndSmartStoreTest"/>
  </testcase>
</testsuite>