<?xml version="1.0" encoding="UTF-8"?>
<testsuite xmlns:xsi="http://www.w3.org/2001/XMLSchema-instance" xsi:noNamespaceSchemaLocation="https://maven.apache.org/surefire/maven-surefire-plugin/xsd/surefire-test-report-3.0.xsd" version="3.0" name="com.se300.store.controller.internalmockserver.InternalMockServerTest" time="0.497" tests="7" errors="0" skipped="0" failures="0">
  <properties>
[...]
</properties>
  <testcase name="testInternalStoreProvisioningAPI" classname="com.se300.store.controller.internalmockserver.InternalMockServerTest" time="0.054">
    <system-out><![CDATA[00:21:32.405 [MockServer-EventLog36] INFO org.mockserver.log.MockServerEventLog -- 8888 started on port: 8888
00:21:32.410 [MockServer-EventLog36] INFO org.mockserver.log.MockServerEventLog -- 8888 resetting all expectations and request logs
00:21:32.417 [MockServer-MockServer-workerEventLoop43] DEBUG com.networknt.schema.PropertiesValidator -- validate( {"httpRequest":{"method":"POST","path":"/api/internal/v1/stores/provision"},"httpResponse":{"statusCode":201,"headers":{"Content-Type":["application/json"]},"body":"{\"id\":\"store1\",\"name\":\"Internal Store\",\"address\":\"123 Internal Ave\"}"},"id":"4c1b1ef0-d14c-4c8d-9be0-47d4c1c46590","priority":0,"timeToLive":{"unlimited":true},"times":{"unlimited":true}}, {"httpRequest":{"method":"POST","path":"/api/internal/v1/stores/provision"},"httpResponse":{"statusCode":201,"headers":{"Content-Type":["application/json"]},"body":"{\"id\":\"store1\",\"name\":\"Internal Store\",\"address\":\"123 Internal Ave\"}"},"id":"4c1b1ef0-d14c-4c8d-9be0-47d4c1c46590","priority":0,"timeToLive":{"unlimited":true},"times":{"unlimited":true}}, $)
00:21:32.417 [MockServer-MockServer-workerEventLoop43] DEBUG com.networknt.schema.TypeValidator -- validate( "4c1b1ef0-d14c-4c8d-9be0-47d4c1c46590", {"httpRequest":{"method":"POST","path":"/api/internal/v1/stores/provision"},"httpResponse":{"statusCode":201,"headers":{"Content-Type":["application/json"]},"body":"{\"id\":\"store1\",\"name\":\"Internal Store\",\"address\":\"123 Internal Ave\"}"},"id":"4c1b1ef0-d14c-4c8d-9be0-47d4c1c46590","priority":0,"timeToLive":{"unlimited":true},"times":{"unlimited":true}}, $.id)
00:21:32.417 [MockServer-MockServer-workerEventLoop43] DEBUG com.networknt.schema.TypeValidator -- validate( 0, {"httpRequest":{"method":"POST","path":"/api/internal/v1/stores/provision"},"httpResponse":{"statusCode":201,"headers":{"Content-Type":["application/json"]},"body":"{\"id\":\"store1\",\"name\":\"Internal Store\",\"address\":\"123 Internal Ave\"}"},"id":"4c1b1ef0-d14c-4c8d-9be0-47d4c1c46590","priority":0,"timeToLive":{"unlimited":true},"times":{"unlimited":true}}, $.priority)
00:21:32.417 [MockServer-MockServer-workerEventLoop43] DEBUG com.networknt.schema.RefValidator -- validate( {"method":"POST","path":"/api/internal/v1/stores/provision"}, {"httpRequest":{"method":"POST","path":"/api/internal/v1/stores/provision"},"httpResponse":{"statusCode":201,"headers":{"Content-Type":["application/json"]},"body":"{\"id\":\"store1\",\"name\":\"Internal Store\",\"address\":\"123 Internal Ave\"}"},"id":"4c1b1ef0-d14c-4c8d-9be0-47d4c1c46590","priority":0,"timeToLive":{"unlimited":true},"times":{"unlimited":true}}, $.httpRequest)
00:21:32.417 [MockServer-MockServer-workerEventLoop43] DEBUG com.networknt.schema.RequiredValidator -- validate( {"method":"POST","path":"/api/internal/v1/stores/provision"}, {"httpRequest":{"method":"POST","path":"/api/internal/v1/stores/provision"},"httpResponse":{"statusCode":201,"headers":{"Content-Type":["application/json"]},"body":"{\"id\":\"store1\",\"name\":\"Internal Store\",\"address\":\"123 Internal Ave\"}"},"id":"4c1b1ef0-d14c-4c8d-9be0-47d4c1c46590","priority":0,"timeToLive":{"unlimited":true},"times":{"unlimited":true}}, $.httpRequest)
00:21:32.417 [MockServer-MockServer-workerEventLoop43] DEBUG com.networknt.schema.RefValidator -- validate( {"method":"POST","path":"/api/internal/v1/stores/provision"}, {"httpRequest":{"method":"POST","path":"/api/internal/v1/stores/provision"},"httpResponse":{"statusCode":201,"headers":{"Content-Type":["application/json"]},"body":"{\"id\":\"store1\",\"name\":\"Internal Store\",\"address\":\"123 Internal Ave\"}"},"id":"4c1b1ef0-d14c-4c8d-9be0-47d4c1c46590","priority":0,"timeToLive":{"unlimited":true},"times":{"unlimited":true}}, $.httpRequest)
00:21:32.417 [MockServer-MockServer-workerEventLoop43] DEBUG com.networknt.schema.PropertiesValidator -- validate( {"method":"POST","path":"/api/internal/v1/stores/provision"}, {"httpRequest":{"method":"POST","path":"/api/internal/v1/stores/provision"},"httpResponse":{"statusCode":201,"headers":{"Content-Type":["application/json"]},"body":"{\"id\":\"store1\",\"name\":\"Internal Store\",\"address\":\"123 Internal Ave\"}"},"id":"4c1b1ef0-d14c-4c8d-9be0-47d4c1c46590","priority":0,"timeToLive":{"unlimited":true},"times":{"unlimited":true}}, $.httpRequest)
00:21:32.417 [MockServer-MockServer-workerEventLoop43] DEBUG com.networknt.schema.RefValidator -- validate( "POST", {"httpRequest":{"method":"POST","path":"/api/internal/v1/stores/provision"},"httpResponse":{"statusCode":201,"headers":{"Content-Type":["application/json"]},"body":"{\"id\":\"store1\",\"name\":\"Internal Store\",\"address\":\"123 Internal Ave\"}"},"id":"4c1b1ef0-d14c-4c8d-9be0-47d4c1c46590","priority":0,"timeToLive":{"unlimited":true},"times":{"unlimited":true}}, $.httpRequest.method)
00:21:32.417 [MockServer-MockServer-workerEventLoop43] DEBUG com.networknt.schema.OneOfValidator -- validate( "POST", {"httpRequest":{"method":"POST","path":"/api/internal/v1/stores/provision"},"httpResponse":{"statusCode":201,"headers":{"Content-Type":["application/json"]},"body":"{\"id\":\"store1\",\"name\":\"Internal Store\",\"address\":\"123 Internal Ave\"}"},"id":"4c1b1ef0-d14c-4c8d-9be0-47d4c1c46590","priority":0,"timeToLive":{"unlimited":true},"times":{"unlimited":true}}, $.httpRequest.method)
00:21:32.417 [MockServer-MockServer-workerEventLoop43] DEBUG com.networknt.schema.TypeValidator -- validate( "POST", {"httpRequest":{"method":"POST","path":"/api/internal/v1/stores/provision"},"httpResponse":{"statusCode":201,"headers":{"Content-Type":["application/json"]},"body":"{\"id\":\"store1\",\"name\":\"Internal Store\",\"address\":\"123 Internal Ave\"}"},"id":"4c1b1ef0-d14c-4c8d-9be0-47d4c1c46590","priority":0,"timeToLive":{"unlimited":true},"times":{"unlimited":true}}, $.httpRequest.method)
00:21:32.417 [MockServer-MockServer-workerEventLoop43] DEBUG com.networknt.schema.PropertiesValidator -- validate( "POST", {"httpRequest":{"method":"POST","path":"/api/internal/v1/stores/provision"},"httpResponse":{"statusCode":201,"headers":{"Content-Type":["application/json"]},"body":"{\"id\":\"store1\",\"name\":\"Internal Store\",\"address\":\"123 Internal Ave\"}"},"id":"4c1b1ef0-d14c-4c8d-9be0-47d4c1c46590","priority":0,"timeToLive":{"unlimited":true},"times":{"unlimited":true}}, $.httpRequest.method)
00:21:32.417 [MockServer-MockServer-workerEventLoop43] DEBUG com.networknt.schema.AdditionalPropertiesValidator -- validate( "POST", {"httpRequest":{"method":"POST","path":"/api/internal/v1/stores/provision"},"httpResponse":{"statusCode":201,"headers":{"Content-Type":["application/json"]},"body":"{\"id\":\"store1\",\"name\":\"Internal Store\",\"address\":\"123 Internal Ave\"}"},"id":"4c1b1ef0-d14c-4c8d-9be0-47d4c1c46590","priority":0,"timeToLive":{"unlimited":true},"times":{"unlimited":true}}, $.httpRequest.method)
00:21:32.417 [MockServer-MockServer-workerEventLoop43] DEBUG com.networknt.schema.TypeValidator -- validate( "POST", {"httpRequest":{"method":"POST","path":"/api/internal/v1/stores/provision"},"httpResponse":{"statusCode":201,"headers":{"Content-Type":["application/json"]},"body":"{\"id\":\"store1\",\"name\":\"Internal Store\",\"address\":\"123 Internal Ave\"}"},"id":"4c1b1ef0-d14c-4c8d-9be0-47d4c1c46590","priority":0,"timeToLive":{"unlimited":true},"times":{"unlimited":true}}, $.httpRequest.method)
00:21:32.417 [MockServer-MockServer-workerEventLoop43] DEBUG com.networknt.schema.RefValidator -- validate( "/api/internal/v1/stores/provision", {"httpRequest":{"method":"POST","path":"/api/internal/v1/stores/provision"},"httpResponse":{"statusCode":201,"headers":{"Content-Type":["application/json"]},"body":"{\"id\":\"store1\",\"name\":\"Internal Store\",\"address\":\"123 Internal Ave\"}"},"id":"4c1b1ef0-d14c-4c8d-9be0-47d4c1c46590","priority":0,"timeToLive":{"unlimited":true},"times":{"unlimited":true}}, $.httpRequest.path)
00:21:32.417 [MockServer-MockServer-workerEventLoop43] DEBUG com.networknt.schema.OneOfValidator -- validate( "/api/internal/v1/stores/provision", {"httpRequest":{"method":"POST","path":"/api/internal/v1/stores/provision"},"httpResponse":{"statusCode":201,"headers":{"Content-Type":["application/json"]},"body":"{\"id\":\"store1\",\"name\":\"Internal Store\",\"address\":\"123 Internal Ave\"}"},"id":"4c1b1ef0-d14c-4c8d-9be0-47d4c1c46590","priority":0,"timeToLive":{"unlimited":true},"times":{"unlimited":true}}, $.httpRequest.path)
00:21:32.417 [MockServer-MockServer-workerEventLoop43] DEBUG com.networknt.schema.TypeValidator -- validate( "/api/internal/v1/stores/provision", {"httpRequest":{"method":"POST","path":"/api/internal/v1/stores/provision"},"httpResponse":{"statusCode":201,"headers":{"Content-Type":["application/json"]},"body":"{\"id\":\"store1\",\"name\":\"Internal Store\",\"address\":\"123 Internal Ave\"}"},"id":"4c1b1ef0-d14c-4c8d-9be0-47d4c1c46590","priority":0,"timeToLive":{"unlimited":true},"times":{"unlimited":true}}, $.httpRequest.path)
00:21:32.417 [MockServer-MockServer-workerEventLoop43] DEBUG com.networknt.schema.PropertiesValidator -- validate( "/api/internal/v1/stores/provision", {"httpRequest":{"method":"POST","path":"/api/internal/v1/stores/provision"},"httpResponse":{"statusCode":201,"headers":{"Content-Type":["application/json"]},"body":"{\"id\":\"store1\",\"name\":\"Internal Store\",\"address\":\"123 Internal Ave\"}"},"id":"4c1b1ef0-d14c-4c8d-9be0-47d4c1c46590","priority":0,"timeToLive":{"unlimited":true},"times":{"unlimited":true}}, $.httpRequest.path)
00:21:32.417 [MockServer-MockServer-workerEventLoop43] DEBUG com.networknt.schema.AdditionalPropertiesValidator -- validate( "/api/internal/v1/stores/provision", {"httpRequest":{"method":"POST","path":"/api/internal/v1/stores/provision"},"httpResponse":{"statusCode":201,"headers":{"Content-Type":["application/json"]},"body":"{\"id\":\"store1\",\"name\":\"Internal Store\",\"address\":\"123 Internal Ave\"}"},"id":"4c1b1ef0-d14c-4c8d-9be0-47d4c1c46590","priority":0,"timeToLive":{"unlimited":true},"times":{"unlimited":true}}, $.httpRequest.path)
00:21:32.417 [MockServer-MockServer-workerEventLoop43] DEBUG com.networknt.schema.TypeValidator -- validate( "/api/internal/v1/stores/provision", {"httpRequest":{"method":"POST","path":"/api/internal/v1/stores/provision"},"httpResponse":{"statusCode":201,"headers":{"Content-Type":["application/json"]},"body":"{\"id\":\"store1\",\"name\":\"Internal Store\",\"address\":\"123 Internal Ave\"}"},"id":"4c1b1ef0-d14c-4c8d-9be0-47d4c1c46590","priority":0,"timeToLive":{"unlimited":true},"times":{"unlimited":true}}, $.httpRequest.path)
00:21:32.417 [MockServer-MockServer-workerEventLoop43] DEBUG com.networknt.schema.AdditionalPropertiesValidator -- validate( {"method":"POST","path":"/api/internal/v1/stores/provision"}, {"httpRequest":{"method":"POST","path":"/api/internal/v1/stores/provision"},"httpResponse":{"statusCode":201,"headers":{"Content-Type":["application/json"]},"body":"{\"id\":\"store1\",\"name\":\"Internal Store\",\"address\":\"123 Internal Ave\"}"},"id":"4c1b1ef0-d14c-4c8d-9be0-47d4c1c46590","priority":0,"timeToLive":{"unlimited":true},"times":{"unlimited":true}}, $.httpRequest)
00:21:32.417 [MockServer-MockServer-workerEventLoop43] DEBUG com.networknt.schema.TypeValidator -- validate( {"method":"POST","path":"/api/internal/v1/stores/provision"}, {"httpRequest":{"method":"POST","path":"/api/internal/v1/stores/provision"},"httpResponse":{"statusCode":201,"headers":{"Content-Type":["application/json"]},"body":"{\"id\":\"store1\",\"name\":\"Internal Store\",\"address\":\"123 Internal Ave\"}"},"id":"4c1b1ef0-d14c-4c8d-9be0-47d4c1c46590","priority":0,"timeToLive":{"unlimited":true},"times":{"unlimited":true}}, $.httpRequest)
00:21:32.417 [MockServer-MockServer-workerEventLoop43] DEBUG com.networknt.schema.RefValidator -- validate( {"statusCode":201,"headers":{"Content-Type":["application/json"]},"body":"{\"id\":\"store1\",\"name\":\"Internal Store\",\"address\":\"123 Internal Ave\"}"}, {"httpRequest":{"method":"POST","path":"/api/internal/v1/stores/provision"},"httpResponse":{"statusCode":201,"headers":{"Content-Type":["application/json"]},"body":"{\"id\":\"store1\",\"name\":\"Internal Store\",\"address\":\"123 Internal Ave\"}"},"id":"4c1b1ef0-d14c-4c8d-9be0-47d4c1c46590","priority":0,"timeToLive":{"unlimited":true},"times":{"unlimited":true}}, $.httpResponse)
00:21:32.417 [MockServer-MockServer-workerEventLoop43] DEBUG com.networknt.schema.PropertiesValidator -- validate( {"statusCode":201,"headers":{"Content-Type":["application/json"]},"body":"{\"id\":\"store1\",\"name\":\"Internal Store\",\"address\":\"123 Internal Ave\"}"}, {"httpRequest":{"method":"POST","path":"/api/internal/v1/stores/provision"},"httpResponse":{"statusCode":201,"headers":{"Content-Type":["application/json"]},"body":"{\"id\":\"store1\",\"name\":\"Internal Store\",\"address\":\"123 Internal Ave\"}"},"id":"4c1b1ef0-d14c-4c8d-9be0-47d4c1c46590","priority":0,"timeToLive":{"unlimited":true},"times":{"unlimited":true}}, $.httpResponse)
00:21:32.417 [MockServer-MockServer-workerEventLoop43] DEBUG com.networknt.schema.RefValidator -- validate( "{\"id\":\"store1\",\"name\":\"Internal Store\",\"address\":\"123 Internal Ave\"}", {"httpRequest":{"method":"POST","path":"/api/internal/v1/stores/provision"},"httpResponse":{"statusCode":201,"headers":{"Content-Type":["application/json"]},"body":"{\"id\":\"store1\",\"name\":\"Internal Store\",\"address\":\"123 Internal Ave\"}"},"id":"4c1b1ef0-d14c-4c8d-9be0-47d4c1c46590","priority":0,"timeToLive":{"unlimited":true},"times":{"unlimited":true}}, $.httpResponse.body)
00:21:32.417 [MockServer-MockServer-workerEventLoop43] DEBUG com.networknt.schema.RequiredValidator -- validate( "{\"id\":\"store1\",\"name\":\"Internal Store\",\"address\":\"123 Internal Ave\"}", {"httpRequest":{"method":"POST","path":"/api/internal/v1/stores/provision"},"httpResponse":{"statusCode":201,"headers":{"Content-Type":["application/json"]},"body":"{\"id\":\"store1\",\"name\":\"Internal Store\",\"address\":\"123 Internal Ave\"}"},"id":"4c1b1ef0-d14c-4c8d-9be0-47d4c1c46590","priority":0,"timeToLive":{"unlimited":true},"times":{"unlimited":true}}, $.httpResponse.body)
00:21:32.417 [MockServer-MockServer-workerEventLoop43] DEBUG com.networknt.schema.PropertiesValidator -- validate( "{\"id\":\"store1\",\"name\":\"Internal Store\",\"address\":\"123 Internal Ave\"}", {"httpRequest":{"method":"POST","path":"/api/internal/v1/stores/provision"},"httpResponse":{"statusCode":201,"headers":{"Content-Type":["application/json"]},"body":"{\"id\":\"store1\",\"name\":\"Internal Store\",\"address\":\"123 Internal Ave\"}"},"id":"4c1b1ef0-d14c-4c8d-9be0-47d4c1c46590","priority":0,"timeToLive":{"unlimited":true},"times":{"unlimited":true}}, $.httpResponse.body)
00:21:32.417 [MockServer-MockServer-workerEventLoop43] DEBUG com.networknt.schema.AdditionalPropertiesValidator -- validate( "{\"id\":\"store1\",\"name\":\"Internal Store\",\"address\":\"123 Internal Ave\"}", {"httpRequest":{"method":"POST","path":"/api/internal/v1/stores/provision"},"httpResponse":{"statusCode":201,"headers":{"Content-Type":["application/json"]},"body":"{\"id\":\"store1\",\"name\":\"Internal Store\",\"address\":\"123 Internal Ave\"}"},"id":"4c1b1ef0-d14c-4c8d-9be0-47d4c1c46590","priority":0,"timeToLive":{"unlimited":true},"times":{"unlimited":true}}, $.httpResponse.body)
00:21:32.417 [MockServer-MockServer-workerEventLoop43] DEBUG com.networknt.schema.TypeValidator -- validate( "{\"id\":\"store1\",\"name\":\"Internal Store\",\"address\":\"123 Internal Ave\"}", {"httpRequest":{"method":"POST","path":"/api/internal/v1/stores/provision"},"httpResponse":{"statusCode":201,"headers":{"Content-Type":["application/json"]},"body":"{\"id\":\"store1\",\"name\":\"Internal Store\",\"address\":\"123 Internal Ave\"}"},"id":"4c1b1ef0-d14c-4c8d-9be0-47d4c1c46590","priority":0,"timeToLive":{"unlimited":true},"times":{"unlimited":true}}, $.httpResponse.body)
00:21:32.418 [MockServer-MockServer-workerEventLoop43] DEBUG com.networknt.schema.PropertiesValidator -- validate( "{\"id\":\"store1\",\"name\":\"Internal Store\",\"address\":\"123 Internal Ave\"}", {"httpRequest":{"method":"POST","path":"/api/internal/v1/stores/provision"},"httpResponse":{"statusCode":201,"headers":{"Content-Type":["application/json"]},"body":"{\"id\":\"store1\",\"name\":\"Internal Store\",\"address\":\"123 Internal Ave\"}"},"id":"4c1b1ef0-d14c-4c8d-9be0-47d4c1c46590","priority":0,"timeToLive":{"unlimited":true},"times":{"unlimited":true}}, $.httpResponse.body)
00:21:32.418 [MockServer-MockServer-workerEventLoop43] DEBUG com.networknt.schema.AdditionalPropertiesValidator -- validate( "{\"id\":\"store1\",\"name\":\"Internal Store\",\"address\":\"123 Internal Ave\"}", {"httpRequest":{"method":"POST","path":"/api/internal/v1/stores/provision"},"httpResponse":{"statusCode":201,"headers":{"Content-Type":["application/json"]},"body":"{\"id\":\"store1\",\"name\":\"Internal Store\",\"address\":\"123 Internal Ave\"}"},"id":"4c1b1ef0-d14c-4c8d-9be0-47d4c1c46590","priority":0,"timeToLive":{"unlimited":true},"times":{"unlimited":true}}, $.httpResponse.body)
00:21:32.418 [MockServer-MockServer-workerEventLoop43] DEBUG com.networknt.schema.TypeValidator -- validate( "{\"id\":\"store1\",\"name\":\"Internal Store\",\"address\":\"123 Internal Ave\"}", {"httpRequest":{"method":"POST","path":"/api/internal/v1/stores/provision"},"httpResponse":{"statusCode":201,"headers":{"Content-Type":["application/json"]},"body":"{\"id\":\"store1\",\"name\":\"Internal Store\",\"address\":\"123 Internal Ave\"}"},"id":"4c1b1ef0-d14c-4c8d-9be0-47d4c1c46590","priority":0,"timeToLive":{"unlimited":true},"times":{"unlimited":true}}, $.httpResponse.body)
00:21:32.418 [MockServer-MockServer-workerEventLoop43] DEBUG com.networknt.schema.AdditionalPropertiesValidator -- validate( "{\"id\":\"store1\",\"name\":\"Internal Store\",\"address\":\"123 Internal Ave\"}", {"httpRequest":{"method":"POST","path":"/api/internal/v1/stores/provision"},"httpResponse":{"statusCode":201,"headers":{"Content-Type":["application/json"]},"body":"{\"id\":\"store1\",\"name\":\"Internal Store\",\"address\":\"123 Internal Ave\"}"},"id":"4c1b1ef0-d14c-4c8d-9be0-47d4c1c46590","priority":0,"timeToLive":{"unlimited":true},"times":{"unlimited":true}}, $.httpResponse.body)
00:21:32.418 [MockServer-MockServer-workerEventLoop43] DEBUG com.networknt.schema.TypeValidator -- validate( "{\"id\":\"store1\",\"name\":\"Internal Store\",\"address\":\"123 Internal Ave\"}", {"httpRequest":{"method":"POST","path":"/api/internal/v1/stores/provision"},"httpResponse":{"statusCode":201,"headers":{"Content-Type":["application/json"]},"body":"{\"id\":\"store1\",\"name\":\"Internal Store\",\"address\":\"123 Internal Ave\"}"},"id":"4c1b1ef0-d14c-4c8d-9be0-47d4c1c46590","priority":0,"timeToLive":{"unlimited":true},"times":{"unlimited":true}}, $.httpResponse.body)
00:21:32.418 [MockServer-MockServer-workerEventLoop43] DEBUG com.networknt.schema.AdditionalPropertiesValidator -- validate( "{\"id\":\"store1\",\"name\":\"Internal Store\",\"address\":\"123 Internal Ave\"}", {"httpRequest":{"method":"POST","path":"/api/internal/v1/stores/provision"},"httpResponse":{"statusCode":201,"headers":{"Content-Type":["application/json"]},"body":"{\"id\":\"store1\",\"name\":\"Internal Store\",\"address\":\"123 Internal Ave\"}"},"id":"4c1b1ef0-d14c-4c8d-9be0-47d4c1c46590","priority":0,"timeToLive":{"unlimited":true},"times":{"unlimited":true}}, $.httpResponse.body)
00:21:32.418 [MockServer-MockServer-workerEventLoop43] DEBUG com.networknt.schema.TypeValidator -- validate( "{\"id\":\"store1\",\"name\":\"Internal Store\",\"address\":\"123 Internal Ave\"}", {"httpRequest":{"method":"POST","path":"/api/internal/v1/stores/provision"},"httpResponse":{"statusCode":201,"headers":{"Content-Type":["application/json"]},"body":"{\"id\":\"store1\",\"name\":\"Internal Store\",\"address\":\"123 Internal Ave\"}"},"id":"4c1b1ef0-d14c-4c8d-9be0-47d4c1c46590","priority":0,"timeToLive":{"unlimited":true},"times":{"unlimited":true}}, $.httpResponse.body)
00:21:32.418 [MockServer-MockServer-workerEventLoop43] DEBUG com.networknt.schema.PropertiesValidator -- validate( "{\"id\":\"store1\",\"name\":\"Internal Store\",\"address\":\"123 Internal Ave\"}", {"httpRequest":{"method":"POST","path":"/api/internal/v1/stores/provision"},"httpResponse":{"statusCode":201,"headers":{"Content-Type":["application/json"]},"body":"{\"id\":\"store1\",\"name\":\"Internal Store\",\"address\":\"123 Internal Ave\"}"},"id":"4c1b1ef0-d14c-4c8d-9be0-47d4c1c46590","priority":0,"timeToLive":{"unlimited":true},"times":{"unlimited":true}}, $.httpResponse.body)
00:21:32.418 [MockServer-MockServer-workerEventLoop43] DEBUG com.networknt.schema.AdditionalPropertiesValidator -- validate( "{\"id\":\"store1\",\"name\":\"Internal Store\",\"address\":\"123 Internal Ave\"}", {"httpRequest":{"method":"POST","path":"/api/internal/v1/stores/provision"},"httpResponse":{"statusCode":201,"headers":{"Content-Type":["application/json"]},"body":"{\"id\":\"store1\",\"name\":\"Internal Store\",\"address\":\"123 Internal Ave\"}"},"id":"4c1b1ef0-d14c-4c8d-9be0-47d4c1c46590","priority":0,"timeToLive":{"unlimited":true},"times":{"unlimited":true}}, $.httpResponse.body)
00:21:32.418 [MockServer-MockServer-workerEventLoop43] DEBUG com.networknt.schema.TypeValidator -- validate( "{\"id\":\"store1\",\"name\":\"Internal Store\",\"address\":\"123 Internal Ave\"}", {"httpRequest":{"method":"POST","path":"/api/internal/v1/stores/provision"},"httpResponse":{"statusCode":201,"headers":{"Content-Type":["application/json"]},"body":"{\"id\":\"store1\",\"name\":\"Internal Store\",\"address\":\"123 Internal Ave\"}"},"id":"4c1b1ef0-d14c-4c8d-9be0-47d4c1c46590","priority":0,"timeToLive":{"unlimited":true},"times":{"unlimited":true}}, $.httpResponse.body)
00:21:32.418 [MockServer-MockServer-workerEventLoop43] DEBUG com.networknt.schema.PropertiesValidator -- validate( "{\"id\":\"store1\",\"name\":\"Internal Store\",\"address\":\"123 Internal Ave\"}", {"httpRequest":{"method":"POST","path":"/api/internal/v1/stores/provision"},"httpResponse":{"statusCode":201,"headers":{"Content-Type":["application/json"]},"body":"{\"id\":\"store1\",\"name\":\"Internal Store\",\"address\":\"123 Internal Ave\"}"},"id":"4c1b1ef0-d14c-4c8d-9be0-47d4c1c46590","priority":0,"timeToLive":{"unlimited":true},"times":{"unlimited":true}}, $.httpResponse.body)
00:21:32.418 [MockServer-MockServer-workerEventLoop43] DEBUG com.networknt.schema.AdditionalPropertiesValidator -- validate( "{\"id\":\"store1\",\"name\":\"Internal Store\",\"address\":\"123 Internal Ave\"}", {"httpRequest":{"method":"POST","path":"/api/internal/v1/stores/provision"},"httpResponse":{"statusCode":201,"headers":{"Content-Type":["application/json"]},"body":"{\"id\":\"store1\",\"name\":\"Internal Store\",\"address\":\"123 Internal Ave\"}"},"id":"4c1b1ef0-d14c-4c8d-9be0-47d4c1c46590","priority":0,"timeToLive":{"unlimited":true},"times":{"unlimited":true}}, $.httpResponse.body)
00:21:32.418 [MockServer-MockServer-workerEventLoop43] DEBUG com.networknt.schema.TypeValidator -- validate( "{\"id\":\"store1\",\"name\":\"Internal Store\",\"address\":\"123 Internal Ave\"}", {"httpRequest":{"method":"POST","path":"/api/internal/v1/stores/provision"},"httpResponse":{"statusCode":201,"headers":{"Content-Type":["application/json"]},"body":"{\"id\":\"store1\",\"name\":\"Internal Store\",\"address\":\"123 Internal Ave\"}"},"id":"4c1b1ef0-d14c-4c8d-9be0-47d4c1c46590","priority":0,"timeToLive":{"unlimited":true},"times":{"unlimited":true}}, $.httpResponse.body)
00:21:32.418 [MockServer-MockServer-workerEventLoop43] DEBUG com.networknt.schema.TypeValidator -- validate( "{\"id\":\"store1\",\"name\":\"Internal Store\",\"address\":\"123 Internal Ave\"}", {"httpRequest":{"method":"POST","path":"/api/internal/v1/stores/provision"},"httpResponse":{"statusCode":201,"headers":{"Content-Type":["application/json"]},"body":"{\"id\":\"store1\",\"name\":\"Internal Store\",\"address\":\"123 Internal Ave\"}"},"id":"4c1b1ef0-d14c-4c8d-9be0-47d4c1c46590","priority":0,"timeToLive":{"unlimited":true},"times":{"unlimited":true}}, $.httpResponse.body)
00:21:32.418 [MockServer-MockServer-workerEventLoop43] DEBUG com.networknt.schema.RefValidator -- validate( {"Content-Type":["application/json"]}, {"httpRequest":{"method":"POST","path":"/api/internal/v1/stores/provision"},"httpResponse":{"statusCode":201,"headers":{"Content-Type":["application/json"]},"body":"{\"id\":\"store1\",\"name\":\"Internal Store\",\"address\":\"123 Internal Ave\"}"},"id":"4c1b1ef0-d14c-4c8d-9be0-47d4c1c46590","priority":0,"timeToLive":{"unlimited":true},"times":{"unlimited":true}}, $.httpResponse.headers)
00:21:32.418 [MockServer-MockServer-workerEventLoop43] DEBUG com.networknt.schema.OneOfValidator -- validate( {"Content-Type":["application/json"]}, {"httpRequest":{"method":"POST","path":"/api/internal/v1/stores/provision"},"httpResponse":{"statusCode":201,"headers":{"Content-Type":["application/json"]},"body":"{\"id\":\"store1\",\"name\":\"Internal Store\",\"address\":\"123 Internal Ave\"}"},"id":"4c1b1ef0-d14c-4c8d-9be0-47d4c1c46590","priority":0,"timeToLive":{"unlimited":true},"times":{"unlimited":true}}, $.httpResponse.headers)
00:21:32.418 [MockServer-MockServer-workerEventLoop43] DEBUG com.networknt.schema.AdditionalPropertiesValidator -- validate( {"Content-Type":["application/json"]}, {"httpRequest":{"method":"POST","path":"/api/internal/v1/stores/provision"},"httpResponse":{"statusCode":201,"headers":{"Content-Type":["application/json"]},"body":"{\"id\":\"store1\",\"name\":\"Internal Store\",\"address\":\"123 Internal Ave\"}"},"id":"4c1b1ef0-d14c-4c8d-9be0-47d4c1c46590","priority":0,"timeToLive":{"unlimited":true},"times":{"unlimited":true}}, $.httpResponse.headers)
00:21:32.418 [MockServer-MockServer-workerEventLoop43] DEBUG com.networknt.schema.ItemsValidator -- validate( {"Content-Type":["application/json"]}, {"httpRequest":{"method":"POST","path":"/api/internal/v1/stores/provision"},"httpResponse":{"statusCode":201,"headers":{"Content-Type":["application/json"]},"body":"{\"id\":\"store1\",\"name\":\"Internal Store\",\"address\":\"123 Internal Ave\"}"},"id":"4c1b1ef0-d14c-4c8d-9be0-47d4c1c46590","priority":0,"timeToLive":{"unlimited":true},"times":{"unlimited":true}}, $.httpResponse.headers)
00:21:32.418 [MockServer-MockServer-workerEventLoop43] DEBUG com.networknt.schema.TypeValidator -- validate( {"Content-Type":["application/json"]}, {"httpRequest":{"method":"POST","path":"/api/internal/v1/stores/provision"},"httpResponse":{"statusCode":201,"headers":{"Content-Type":["application/json"]},"body":"{\"id\":\"store1\",\"name\":\"Internal Store\",\"address\":\"123 Internal Ave\"}"},"id":"4c1b1ef0-d14c-4c8d-9be0-47d4c1c46590","priority":0,"timeToLive":{"unlimited":true},"times":{"unlimited":true}}, $.httpResponse.headers)
00:21:32.418 [MockServer-MockServer-workerEventLoop43] DEBUG com.networknt.schema.PropertiesValidator -- validate( {"Content-Type":["application/json"]}, {"httpRequest":{"method":"POST","path":"/api/internal/v1/stores/provision"},"httpResponse":{"statusCode":201,"headers":{"Content-Type":["application/json"]},"body":"{\"id\":\"store1\",\"name\":\"Internal Store\",\"address\":\"123 Internal Ave\"}"},"id":"4c1b1ef0-d14c-4c8d-9be0-47d4c1c46590","priority":0,"timeToLive":{"unlimited":true},"times":{"unlimited":true}}, $.httpResponse.headers)
00:21:32.418 [MockServer-MockServer-workerEventLoop43] DEBUG com.networknt.schema.AdditionalPropertiesValidator -- validate( {"Content-Type":["application/json"]}, {"httpRequest":{"method":"POST","path":"/api/internal/v1/stores/provision"},"httpResponse":{"statusCode":201,"headers":{"Content-Type":["application/json"]},"body":"{\"id\":\"store1\",\"name\":\"Internal Store\",\"address\":\"123 Internal Ave\"}"},"id":"4c1b1ef0-d14c-4c8d-9be0-47d4c1c46590","priority":0,"timeToLive":{"unlimited":true},"times":{"unlimited":true}}, $.httpResponse.headers)
00:21:32.418 [MockServer-MockServer-workerEventLoop43] DEBUG com.networknt.schema.PatternPropertiesValidator -- validate( {"Content-Type":["application/json"]}, {"httpRequest":{"method":"POST","path":"/api/internal/v1/stores/provision"},"httpResponse":{"statusCode":201,"headers":{"Content-Type":["application/json"]},"body":"{\"id\":\"store1\",\"name\":\"Internal Store\",\"address\":\"123 Internal Ave\"}"},"id":"4c1b1ef0-d14c-4c8d-9be0-47d4c1c46590","priority":0,"timeToLive":{"unlimited":true},"times":{"unlimited":true}}, $.httpResponse.headers)
00:21:32.418 [MockServer-MockServer-workerEventLoop43] DEBUG com.networknt.schema.OneOfValidator -- validate( ["application/json"], {"httpRequest":{"method":"POST","path":"/api/internal/v1/stores/provision"},"httpResponse":{"statusCode":201,"headers":{"Content-Type":["application/json"]},"body":"{\"id\":\"store1\",\"name\":\"Internal Store\",\"address\":\"123 Internal Ave\"}"},"id":"4c1b1ef0-d14c-4c8d-9be0-47d4c1c46590","priority":0,"timeToLive":{"unlimited":true},"times":{"unlimited":true}}, $.httpResponse.headers.Content-Type)
00:21:32.418 [MockServer-MockServer-workerEventLoop43] DEBUG com.networknt.schema.TypeValidator -- validate( ["application/json"], {"httpRequest":{"method":"POST","path":"/api/internal/v1/stores/provision"},"httpResponse":{"statusCode":201,"headers":{"Content-Type":["application/json"]},"body":"{\"id\":\"store1\",\"name\":\"Internal Store\",\"address\":\"123 Internal Ave\"}"},"id":"4c1b1ef0-d14c-4c8d-9be0-47d4c1c46590","priority":0,"timeToLive":{"unlimited":true},"times":{"unlimited":true}}, $.httpResponse.headers.Content-Type)
00:21:32.418 [MockServer-MockServer-workerEventLoop43] DEBUG com.networknt.schema.AdditionalPropertiesValidator -- validate( ["application/json"], {"httpRequest":{"method":"POST","path":"/api/internal/v1/stores/provision"},"httpResponse":{"statusCode":201,"headers":{"Content-Type":["application/json"]},"body":"{\"id\":\"store1\",\"name\":\"Internal Store\",\"address\":\"123 Internal Ave\"}"},"id":"4c1b1ef0-d14c-4c8d-9be0-47d4c1c46590","priority":0,"timeToLive":{"unlimited":true},"times":{"unlimited":true}}, $.httpResponse.headers.Content-Type)
00:21:32.418 [MockServer-MockServer-workerEventLoop43] DEBUG com.networknt.schema.ItemsValidator -- validate( ["application/json"], {"httpRequest":{"method":"POST","path":"/api/internal/v1/stores/provision"},"httpResponse":{"statusCode":201,"headers":{"Content-Type":["application/json"]},"body":"{\"id\":\"store1\",\"name\":\"Internal Store\",\"address\":\"123 Internal Ave\"}"},"id":"4c1b1ef0-d14c-4c8d-9be0-47d4c1c46590","priority":0,"timeToLive":{"unlimited":true},"times":{"unlimited":true}}, $.httpResponse.headers.Content-Type)
00:21:32.418 [MockServer-MockServer-workerEventLoop43] DEBUG com.networknt.schema.RefValidator -- validate( "application/json", {"httpRequest":{"method":"POST","path":"/api/internal/v1/stores/provision"},"httpResponse":{"statusCode":201,"headers":{"Content-Type":["application/json"]},"body":"{\"id\":\"store1\",\"name\":\"Internal Store\",\"address\":\"123 Internal Ave\"}"},"id":"4c1b1ef0-d14c-4c8d-9be0-47d4c1c46590","priority":0,"timeToLive":{"unlimited":true},"times":{"unlimited":true}}, $.httpResponse.headers.Content-Type[0])
00:21:32.418 [MockServer-MockServer-workerEventLoop43] DEBUG com.networknt.schema.OneOfValidator -- validate( "application/json", {"httpRequest":{"method":"POST","path":"/api/internal/v1/stores/provision"},"httpResponse":{"statusCode":201,"headers":{"Content-Type":["application/json"]},"body":"{\"id\":\"store1\",\"name\":\"Internal Store\",\"address\":\"123 Internal Ave\"}"},"id":"4c1b1ef0-d14c-4c8d-9be0-47d4c1c46590","priority":0,"timeToLive":{"unlimited":true},"times":{"unlimited":true}}, $.httpResponse.headers.Content-Type[0])
00:21:32.418 [MockServer-MockServer-workerEventLoop43] DEBUG com.networknt.schema.TypeValidator -- validate( "application/json", {"httpRequest":{"method":"POST","path":"/api/internal/v1/stores/provision"},"httpResponse":{"statusCode":201,"headers":{"Content-Type":["application/json"]},"body":"{\"id\":\"store1\",\"name\":\"Internal Store\",\"address\":\"123 Internal Ave\"}"},"id":"4c1b1ef0-d14c-4c8d-9be0-47d4c1c46590","priority":0,"timeToLive":{"unlimited":true},"times":{"unlimited":true}}, $.httpResponse.headers.Content-Type[0])
00:21:32.418 [MockServer-MockServer-workerEventLoop43] DEBUG com.networknt.schema.PropertiesValidator -- validate( "application/json", {"httpRequest":{"method":"POST","path":"/api/internal/v1/stores/provision"},"httpResponse":{"statusCode":201,"headers":{"Content-Type":["application/json"]},"body":"{\"id\":\"store1\",\"name\":\"Internal Store\",\"address\":\"123 Internal Ave\"}"},"id":"4c1b1ef0-d14c-4c8d-9be0-47d4c1c46590","priority":0,"timeToLive":{"unlimited":true},"times":{"unlimited":true}}, $.httpResponse.headers.Content-Type[0])
00:21:32.418 [MockServer-MockServer-workerEventLoop43] DEBUG com.networknt.schema.AdditionalPropertiesValidator -- validate( "application/json", {"httpRequest":{"method":"POST","path":"/api/internal/v1/stores/provision"},"httpResponse":{"statusCode":201,"headers":{"Content-Type":["application/json"]},"body":"{\"id\":\"store1\",\"name\":\"Internal Store\",\"address\":\"123 Internal Ave\"}"},"id":"4c1b1ef0-d14c-4c8d-9be0-47d4c1c46590","priority":0,"timeToLive":{"unlimited":true},"times":{"unlimited":true}}, $.httpResponse.headers.Content-Type[0])
00:21:32.418 [MockServer-MockServer-workerEventLoop43] DEBUG com.networknt.schema.TypeValidator -- validate( "application/json", {"httpRequest":{"method":"POST","path":"/api/internal/v1/stores/provision"},"httpResponse":{"statusCode":201,"headers":{"Content-Type":["application/json"]},"body":"{\"id\":\"store1\",\"name\":\"Internal Store\",\"address\":\"123 Internal Ave\"}"},"id":"4c1b1ef0-d14c-4c8d-9be0-47d4c1c46590","priority":0,"timeToLive":{"unlimited":true},"times":{"unlimited":true}}, $.httpResponse.headers.Content-Type[0])
00:21:32.418 [MockServer-MockServer-workerEventLoop43] DEBUG com.networknt.schema.TypeValidator -- validate( ["application/json"], {"httpRequest":{"method":"POST","path":"/api/internal/v1/stores/provision"},"httpResponse":{"statusCode":201,"headers":{"Content-Type":["application/json"]},"body":"{\"id\":\"store1\",\"name\":\"Internal Store\",\"address\":\"123 Internal Ave\"}"},"id":"4c1b1ef0-d14c-4c8d-9be0-47d4c1c46590","priority":0,"timeToLive":{"unlimited":true},"times":{"unlimited":true}}, $.httpResponse.headers.Content-Type)
00:21:32.418 [MockServer-MockServer-workerEventLoop43] DEBUG com.networknt.schema.PropertiesValidator -- validate( ["application/json"], {"httpRequest":{"method":"POST","path":"/api/internal/v1/stores/provision"},"httpResponse":{"statusCode":201,"headers":{"Content-Type":["application/json"]},"body":"{\"id\":\"store1\",\"name\":\"Internal Store\",\"address\":\"123 Internal Ave\"}"},"id":"4c1b1ef0-d14c-4c8d-9be0-47d4c1c46590","priority":0,"timeToLive":{"unlimited":true},"times":{"unlimited":true}}, $.httpResponse.headers.Content-Type)
00:21:32.418 [MockServer-MockServer-workerEventLoop43] DEBUG com.networknt.schema.AdditionalPropertiesValidator -- validate( ["application/json"], {"httpRequest":{"method":"POST","path":"/api/internal/v1/stores/provision"},"httpResponse":{"statusCode":201,"headers":{"Content-Type":["application/json"]},"body":"{\"id\":\"store1\",\"name\":\"Internal Store\",\"address\":\"123 Internal Ave\"}"},"id":"4c1b1ef0-d14c-4c8d-9be0-47d4c1c46590","priority":0,"timeToLive":{"unlimited":true},"times":{"unlimited":true}}, $.httpResponse.headers.Content-Type)
00:21:32.418 [MockServer-MockServer-workerEventLoop43] DEBUG com.networknt.schema.TypeValidator -- validate( ["application/json"], {"httpRequest":{"method":"POST","path":"/api/internal/v1/stores/provision"},"httpResponse":{"statusCode":201,"headers":{"Content-Type":["application/json"]},"body":"{\"id\":\"store1\",\"name\":\"Internal Store\",\"address\":\"123 Internal Ave\"}"},"id":"4c1b1ef0-d14c-4c8d-9be0-47d4c1c46590","priority":0,"timeToLive":{"unlimited":true},"times":{"unlimited":true}}, $.httpResponse.headers.Content-Type)
00:21:32.418 [MockServer-MockServer-workerEventLoop43] DEBUG com.networknt.schema.TypeValidator -- validate( {"Content-Type":["application/json"]}, {"httpRequest":{"method":"POST","path":"/api/internal/v1/stores/provision"},"httpResponse":{"statusCode":201,"headers":{"Content-Type":["application/json"]},"body":"{\"id\":\"store1\",\"name\":\"Internal Store\",\"address\":\"123 Internal Ave\"}"},"id":"4c1b1ef0-d14c-4c8d-9be0-47d4c1c46590","priority":0,"timeToLive":{"unlimited":true},"times":{"unlimited":true}}, $.httpResponse.headers)
00:21:32.418 [MockServer-MockServer-workerEventLoop43] DEBUG com.networknt.schema.TypeValidator -- validate( 201, {"httpRequest":{"method":"POST","path":"/api/internal/v1/stores/provision"},"httpResponse":{"statusCode":201,"headers":{"Content-Type":["application/json"]},"body":"{\"id\":\"store1\",\"name\":\"Internal Store\",\"address\":\"123 Internal Ave\"}"},"id":"4c1b1ef0-d14c-4c8d-9be0-47d4c1c46590","priority":0,"timeToLive":{"unlimited":true},"times":{"unlimited":true}}, $.httpResponse.statusCode)
00:21:32.418 [MockServer-MockServer-workerEventLoop43] DEBUG com.networknt.schema.AdditionalPropertiesValidator -- validate( {"statusCode":201,"headers":{"Content-Type":["application/json"]},"body":"{\"id\":\"store1\",\"name\":\"Internal Store\",\"address\":\"123 Internal Ave\"}"}, {"httpRequest":{"method":"POST","path":"/api/internal/v1/stores/provision"},"httpResponse":{"statusCode":201,"headers":{"Content-Type":["application/json"]},"body":"{\"id\":\"store1\",\"name\":\"Internal Store\",\"address\":\"123 Internal Ave\"}"},"id":"4c1b1ef0-d14c-4c8d-9be0-47d4c1c46590","priority":0,"timeToLive":{"unlimited":true},"times":{"unlimited":true}}, $.httpResponse)
00:21:32.418 [MockServer-MockServer-workerEventLoop43] DEBUG com.networknt.schema.TypeValidator -- validate( {"statusCode":201,"headers":{"Content-Type":["application/json"]},"body":"{\"id\":\"store1\",\"name\":\"Internal Store\",\"address\":\"123 Internal Ave\"}"}, {"httpRequest":{"method":"POST","path":"/api/internal/v1/stores/provision"},"httpResponse":{"statusCode":201,"headers":{"Content-Type":["application/json"]},"body":"{\"id\":\"store1\",\"name\":\"Internal Store\",\"address\":\"123 Internal Ave\"}"},"id":"4c1b1ef0-d14c-4c8d-9be0-47d4c1c46590","priority":0,"timeToLive":{"unlimited":true},"times":{"unlimited":true}}, $.httpResponse)
00:21:32.418 [MockServer-MockServer-workerEventLoop43] DEBUG com.networknt.schema.RefValidator -- validate( {"unlimited":true}, {"httpRequest":{"method":"POST","path":"/api/internal/v1/stores/provision"},"httpResponse":{"statusCode":201,"headers":{"Content-Type":["application/json"]},"body":"{\"id\":\"store1\",\"name\":\"Internal Store\",\"address\":\"123 Internal Ave\"}"},"id":"4c1b1ef0-d14c-4c8d-9be0-47d4c1c46590","priority":0,"timeToLive":{"unlimited":true},"times":{"unlimited":true}}, $.times)
00:21:32.418 [MockServer-MockServer-workerEventLoop43] DEBUG com.networknt.schema.PropertiesValidator -- validate( {"unlimited":true}, {"httpRequest":{"method":"POST","path":"/api/internal/v1/stores/provision"},"httpResponse":{"statusCode":201,"headers":{"Content-Type":["application/json"]},"body":"{\"id\":\"store1\",\"name\":\"Internal Store\",\"address\":\"123 Internal Ave\"}"},"id":"4c1b1ef0-d14c-4c8d-9be0-47d4c1c46590","priority":0,"timeToLive":{"unlimited":true},"times":{"unlimited":true}}, $.times)
00:21:32.418 [MockServer-MockServer-workerEventLoop43] DEBUG com.networknt.schema.TypeValidator -- validate( true, {"httpRequest":{"method":"POST","path":"/api/internal/v1/stores/provision"},"httpResponse":{"statusCode":201,"headers":{"Content-Type":["application/json"]},"body":"{\"id\":\"store1\",\"name\":\"Internal Store\",\"address\":\"123 Internal Ave\"}"},"id":"4c1b1ef0-d14c-4c8d-9be0-47d4c1c46590","priority":0,"timeToLive":{"unlimited":true},"times":{"unlimited":true}}, $.times.unlimited)
00:21:32.418 [MockServer-MockServer-workerEventLoop43] DEBUG com.networknt.schema.AdditionalPropertiesValidator -- validate( {"unlimited":true}, {"httpRequest":{"method":"POST","path":"/api/internal/v1/stores/provision"},"httpResponse":{"statusCode":201,"headers":{"Content-Type":["application/json"]},"body":"{\"id\":\"store1\",\"name\":\"Internal Store\",\"address\":\"123 Internal Ave\"}"},"id":"4c1b1ef0-d14c-4c8d-9be0-47d4c1c46590","priority":0,"timeToLive":{"unlimited":true},"times":{"unlimited":true}}, $.times)
00:21:32.419 [MockServer-MockServer-workerEventLoop43] DEBUG com.networknt.schema.TypeValidator -- validate( {"unlimited":true}, {"httpRequest":{"method":"POST","path":"/api/internal/v1/stores/provision"},"httpResponse":{"statusCode":201,"headers":{"Content-Type":["application/json"]},"body":"{\"id\":\"store1\",\"name\":\"Internal Store\",\"address\":\"123 Internal Ave\"}"},"id":"4c1b1ef0-d14c-4c8d-9be0-47d4c1c46590","priority":0,"timeToLive":{"unlimited":true},"times":{"unlimited":true}}, $.times)
00:21:32.419 [MockServer-MockServer-workerEventLoop43] DEBUG com.networknt.schema.RefValidator -- validate( {"unlimited":true}, {"httpRequest":{"method":"POST","path":"/api/internal/v1/stores/provision"},"httpResponse":{"statusCode":201,"headers":{"Content-Type":["application/json"]},"body":"{\"id\":\"store1\",\"name\":\"Internal Store\",\"address\":\"123 Internal Ave\"}"},"id":"4c1b1ef0-d14c-4c8d-9be0-47d4c1c46590","priority":0,"timeToLive":{"unlimited":true},"times":{"unlimited":true}}, $.timeToLive)
00:21:32.419 [MockServer-MockServer-workerEventLoop43] DEBUG com.networknt.schema.PropertiesValidator -- validate( {"unlimited":true}, {"httpRequest":{"method":"POST","path":"/api/internal/v1/stores/provision"},"httpResponse":{"statusCode":201,"headers":{"Content-Type":["application/json"]},"body":"{\"id\":\"store1\",\"name\":\"Internal Store\",\"address\":\"123 Internal Ave\"}"},"id":"4c1b1ef0-d14c-4c8d-9be0-47d4c1c46590","priority":0,"timeToLive":{"unlimited":true},"times":{"unlimited":true}}, $.timeToLive)
00:21:32.419 [MockServer-MockServer-workerEventLoop43] DEBUG com.networknt.schema.TypeValidator -- validate( true, {"httpRequest":{"method":"POST","path":"/api/internal/v1/stores/provision"},"httpResponse":{"statusCode":201,"headers":{"Content-Type":["application/json"]},"body":"{\"id\":\"store1\",\"name\":\"Internal Store\",\"address\":\"123 Internal Ave\"}"},"id":"4c1b1ef0-d14c-4c8d-9be0-47d4c1c46590","priority":0,"timeToLive":{"unlimited":true},"times":{"unlimited":true}}, $.timeToLive.unlimited)
00:21:32.419 [MockServer-MockServer-workerEventLoop43] DEBUG com.networknt.schema.AdditionalPropertiesValidator -- validate( {"unlimited":true}, {"httpRequest":{"method":"POST","path":"/api/internal/v1/stores/provision"},"httpResponse":{"statusCode":201,"headers":{"Content-Type":["application/json"]},"body":"{\"id\":\"store1\",\"name\":\"Internal Store\",\"address\":\"123 Internal Ave\"}"},"id":"4c1b1ef0-d14c-4c8d-9be0-47d4c1c46590","priority":0,"timeToLive":{"unlimited":true},"times":{"unlimited":true}}, $.timeToLive)
00:21:32.419 [MockServer-MockServer-workerEventLoop43] DEBUG com.networknt.schema.TypeValidator -- validate( {"unlimited":true}, {"httpRequest":{"method":"POST","path":"/api/internal/v1/stores/provision"},"httpResponse":{"statusCode":201,"headers":{"Content-Type":["application/json"]},"body":"{\"id\":\"store1\",\"name\":\"Internal Store\",\"address\":\"123 Internal Ave\"}"},"id":"4c1b1ef0-d14c-4c8d-9be0-47d4c1c46590","priority":0,"timeToLive":{"unlimited":true},"times":{"unlimited":true}}, $.timeToLive)
00:21:32.419 [MockServer-MockServer-workerEventLoop43] DEBUG com.networknt.schema.AdditionalPropertiesValidator -- validate( {"httpRequest":{"method":"POST","path":"/api/internal/v1/stores/provision"},"httpResponse":{"statusCode":201,"headers":{"Content-Type":["application/json"]},"body":"{\"id\":\"store1\",\"name\":\"Internal Store\",\"address\":\"123 Internal Ave\"}"},"id":"4c1b1ef0-d14c-4c8d-9be0-47d4c1c46590","priority":0,"timeToLive":{"unlimited":true},"times":{"unlimited":true}}, {"httpRequest":{"method":"POST","path":"/api/internal/v1/stores/provision"},"httpResponse":{"statusCode":201,"headers":{"Content-Type":["application/json"]},"body":"{\"id\":\"store1\",\"name\":\"Internal Store\",\"address\":\"123 Internal Ave\"}"},"id":"4c1b1ef0-d14c-4c8d-9be0-47d4c1c46590","priority":0,"timeToLive":{"unlimited":true},"times":{"unlimited":true}}, $)
00:21:32.419 [MockServer-MockServer-workerEventLoop43] DEBUG com.networknt.schema.OneOfValidator -- validate( {"httpRequest":{"method":"POST","path":"/api/internal/v1/stores/provision"},"httpResponse":{"statusCode":201,"headers":{"Content-Type":["application/json"]},"body":"{\"id\":\"store1\",\"name\":\"Internal Store\",\"address\":\"123 Internal Ave\"}"},"id":"4c1b1ef0-d14c-4c8d-9be0-47d4c1c46590","priority":0,"timeToLive":{"unlimited":true},"times":{"unlimited":true}}, {"httpRequest":{"method":"POST","path":"/api/internal/v1/stores/provision"},"httpResponse":{"statusCode":201,"headers":{"Content-Type":["application/json"]},"body":"{\"id\":\"store1\",\"name\":\"Internal Store\",\"address\":\"123 Internal Ave\"}"},"id":"4c1b1ef0-d14c-4c8d-9be0-47d4c1c46590","priority":0,"timeToLive":{"unlimited":true},"times":{"unlimited":true}}, $)
00:21:32.419 [MockServer-MockServer-workerEventLoop43] DEBUG com.networknt.schema.RequiredValidator -- validate( {"httpRequest":{"method":"POST","path":"/api/internal/v1/stores/provision"},"httpResponse":{"statusCode":201,"headers":{"Content-Type":["application/json"]},"body":"{\"id\":\"store1\",\"name\":\"Internal Store\",\"address\":\"123 Internal Ave\"}"},"id":"4c1b1ef0-d14c-4c8d-9be0-47d4c1c46590","priority":0,"timeToLive":{"unlimited":true},"times":{"unlimited":true}}, {"httpRequest":{"method":"POST","path":"/api/internal/v1/stores/provision"},"httpResponse":{"statusCode":201,"headers":{"Content-Type":["application/json"]},"body":"{\"id\":\"store1\",\"name\":\"Internal Store\",\"address\":\"123 Internal Ave\"}"},"id":"4c1b1ef0-d14c-4c8d-9be0-47d4c1c46590","priority":0,"timeToLive":{"unlimited":true},"times":{"unlimited":true}}, $)
00:21:32.419 [MockServer-MockServer-workerEventLoop43] DEBUG com.networknt.schema.RequiredValidator -- validate( {"httpRequest":{"method":"POST","path":"/api/internal/v1/stores/provision"},"httpResponse":{"statusCode":201,"headers":{"Content-Type":["application/json"]},"body":"{\"id\":\"store1\",\"name\":\"Internal Store\",\"address\":\"123 Internal Ave\"}"},"id":"4c1b1ef0-d14c-4c8d-9be0-47d4c1c46590","priority":0,"timeToLive":{"unlimited":true},"times":{"unlimited":true}}, {"httpRequest":{"method":"POST","path":"/api/internal/v1/stores/provision"},"httpResponse":{"statusCode":201,"headers":{"Content-Type":["application/json"]},"body":"{\"id\":\"store1\",\"name\":\"Internal Store\",\"address\":\"123 Internal Ave\"}"},"id":"4c1b1ef0-d14c-4c8d-9be0-47d4c1c46590","priority":0,"timeToLive":{"unlimited":true},"times":{"unlimited":true}}, $)
00:21:32.419 [MockServer-MockServer-workerEventLoop43] DEBUG com.networknt.schema.RequiredValidator -- validate( {"httpRequest":{"method":"POST","path":"/api/internal/v1/stores/provision"},"httpResponse":{"statusCode":201,"headers":{"Content-Type":["application/json"]},"body":"{\"id\":\"store1\",\"name\":\"Internal Store\",\"address\":\"123 Internal Ave\"}"},"id":"4c1b1ef0-d14c-4c8d-9be0-47d4c1c46590","priority":0,"timeToLive":{"unlimited":true},"times":{"unlimited":true}}, {"httpRequest":{"method":"POST","path":"/api/internal/v1/stores/provision"},"httpResponse":{"statusCode":201,"headers":{"Content-Type":["application/json"]},"body":"{\"id\":\"store1\",\"name\":\"Internal Store\",\"address\":\"123 Internal Ave\"}"},"id":"4c1b1ef0-d14c-4c8d-9be0-47d4c1c46590","priority":0,"timeToLive":{"unlimited":true},"times":{"unlimited":true}}, $)
00:21:32.419 [MockServer-MockServer-workerEventLoop43] DEBUG com.networknt.schema.RequiredValidator -- validate( {"httpRequest":{"method":"POST","path":"/api/internal/v1/stores/provision"},"httpResponse":{"statusCode":201,"headers":{"Content-Type":["application/json"]},"body":"{\"id\":\"store1\",\"name\":\"Internal Store\",\"address\":\"123 Internal Ave\"}"},"id":"4c1b1ef0-d14c-4c8d-9be0-47d4c1c46590","priority":0,"timeToLive":{"unlimited":true},"times":{"unlimited":true}}, {"httpRequest":{"method":"POST","path":"/api/internal/v1/stores/provision"},"httpResponse":{"statusCode":201,"headers":{"Content-Type":["application/json"]},"body":"{\"id\":\"store1\",\"name\":\"Internal Store\",\"address\":\"123 Internal Ave\"}"},"id":"4c1b1ef0-d14c-4c8d-9be0-47d4c1c46590","priority":0,"timeToLive":{"unlimited":true},"times":{"unlimited":true}}, $)
00:21:32.419 [MockServer-MockServer-workerEventLoop43] DEBUG com.networknt.schema.RequiredValidator -- validate( {"httpRequest":{"method":"POST","path":"/api/internal/v1/stores/provision"},"httpResponse":{"statusCode":201,"headers":{"Content-Type":["application/json"]},"body":"{\"id\":\"store1\",\"name\":\"Internal Store\",\"address\":\"123 Internal Ave\"}"},"id":"4c1b1ef0-d14c-4c8d-9be0-47d4c1c46590","priority":0,"timeToLive":{"unlimited":true},"times":{"unlimited":true}}, {"httpRequest":{"method":"POST","path":"/api/internal/v1/stores/provision"},"httpResponse":{"statusCode":201,"headers":{"Content-Type":["application/json"]},"body":"{\"id\":\"store1\",\"name\":\"Internal Store\",\"address\":\"123 Internal Ave\"}"},"id":"4c1b1ef0-d14c-4c8d-9be0-47d4c1c46590","priority":0,"timeToLive":{"unlimited":true},"times":{"unlimited":true}}, $)
00:21:32.419 [MockServer-MockServer-workerEventLoop43] DEBUG com.networknt.schema.RequiredValidator -- validate( {"httpRequest":{"method":"POST","path":"/api/internal/v1/stores/provision"},"httpResponse":{"statusCode":201,"headers":{"Content-Type":["application/json"]},"body":"{\"id\":\"store1\",\"name\":\"Internal Store\",\"address\":\"123 Internal Ave\"}"},"id":"4c1b1ef0-d14c-4c8d-9be0-47d4c1c46590","priority":0,"timeToLive":{"unlimited":true},"times":{"unlimited":true}}, {"httpRequest":{"method":"POST","path":"/api/internal/v1/stores/provision"},"httpResponse":{"statusCode":201,"headers":{"Content-Type":["application/json"]},"body":"{\"id\":\"store1\",\"name\":\"Internal Store\",\"address\":\"123 Internal Ave\"}"},"id":"4c1b1ef0-d14c-4c8d-9be0-47d4c1c46590","priority":0,"timeToLive":{"unlimited":true},"times":{"unlimited":true}}, $)
00:21:32.419 [MockServer-MockServer-workerEventLoop43] DEBUG com.networknt.schema.RequiredValidator -- validate( {"httpRequest":{"method":"POST","path":"/api/internal/v1/stores/provision"},"httpResponse":{"statusCode":201,"headers":{"Content-Type":["application/json"]},"body":"{\"id\":\"store1\",\"name\":\"Internal Store\",\"address\":\"123 Internal Ave\"}"},"id":"4c1b1ef0-d14c-4c8d-9be0-47d4c1c46590","priority":0,"timeToLive":{"unlimited":true},"times":{"unlimited":true}}, {"httpRequest":{"method":"POST","path":"/api/internal/v1/stores/provision"},"httpResponse":{"statusCode":201,"headers":{"Content-Type":["application/json"]},"body":"{\"id\":\"store1\",\"name\":\"Internal Store\",\"address\":\"123 Internal Ave\"}"},"id":"4c1b1ef0-d14c-4c8d-9be0-47d4c1c46590","priority":0,"timeToLive":{"unlimited":true},"times":{"unlimited":true}}, $)
00:21:32.419 [MockServer-MockServer-workerEventLoop43] DEBUG com.networknt.schema.RequiredValidator -- validate( {"httpRequest":{"method":"POST","path":"/api/internal/v1/stores/provision"},"httpResponse":{"statusCode":201,"headers":{"Content-Type":["application/json"]},"body":"{\"id\":\"store1\",\"name\":\"Internal Store\",\"address\":\"123 Internal Ave\"}"},"id":"4c1b1ef0-d14c-4c8d-9be0-47d4c1c46590","priority":0,"timeToLive":{"unlimited":true},"times":{"unlimited":true}}, {"httpRequest":{"method":"POST","path":"/api/internal/v1/stores/provision"},"httpResponse":{"statusCode":201,"headers":{"Content-Type":["application/json"]},"body":"{\"id\":\"store1\",\"name\":\"Internal Store\",\"address\":\"123 Internal Ave\"}"},"id":"4c1b1ef0-d14c-4c8d-9be0-47d4c1c46590","priority":0,"timeToLive":{"unlimited":true},"times":{"unlimited":true}}, $)
00:21:32.419 [MockServer-MockServer-workerEventLoop43] DEBUG com.networknt.schema.RequiredValidator -- validate( {"httpRequest":{"method":"POST","path":"/api/internal/v1/stores/provision"},"httpResponse":{"statusCode":201,"headers":{"Content-Type":["application/json"]},"body":"{\"id\":\"store1\",\"name\":\"Internal Store\",\"address\":\"123 Internal Ave\"}"},"id":"4c1b1ef0-d14c-4c8d-9be0-47d4c1c46590","priority":0,"timeToLive":{"unlimited":true},"times":{"unlimited":true}}, {"httpRequest":{"method":"POST","path":"/api/internal/v1/stores/provision"},"httpResponse":{"statusCode":201,"headers":{"Content-Type":["application/json"]},"body":"{\"id\":\"store1\",\"name\":\"Internal Store\",\"address\":\"123 Internal Ave\"}"},"id":"4c1b1ef0-d14c-4c8d-9be0-47d4c1c46590","priority":0,"timeToLive":{"unlimited":true},"times":{"unlimited":true}}, $)
00:21:32.419 [MockServer-MockServer-workerEventLoop43] DEBUG com.networknt.schema.RequiredValidator -- validate( {"httpRequest":{"method":"POST","path":"/api/internal/v1/stores/provision"},"httpResponse":{"statusCode":201,"headers":{"Content-Type":["application/json"]},"body":"{\"id\":\"store1\",\"name\":\"Internal Store\",\"address\":\"123 Internal Ave\"}"},"id":"4c1b1ef0-d14c-4c8d-9be0-47d4c1c46590","priority":0,"timeToLive":{"unlimited":true},"times":{"unlimited":true}}, {"httpRequest":{"method":"POST","path":"/api/internal/v1/stores/provision"},"httpResponse":{"statusCode":201,"headers":{"Content-Type":["application/json"]},"body":"{\"id\":\"store1\",\"name\":\"Internal Store\",\"address\":\"123 Internal Ave\"}"},"id":"4c1b1ef0-d14c-4c8d-9be0-47d4c1c46590","priority":0,"timeToLive":{"unlimited":true},"times":{"unlimited":true}}, $)
00:21:32.419 [MockServer-MockServer-workerEventLoop43] DEBUG com.networknt.schema.TypeValidator -- validate( {"httpRequest":{"method":"POST","path":"/api/internal/v1/stores/provision"},"httpResponse":{"statusCode":201,"headers":{"Content-Type":["application/json"]},"body":"{\"id\":\"store1\",\"name\":\"Internal Store\",\"address\":\"123 Internal Ave\"}"},"id":"4c1b1ef0-d14c-4c8d-9be0-47d4c1c46590","priority":0,"timeToLive":{"unlimited":true},"times":{"unlimited":true}}, {"httpRequest":{"method":"POST","path":"/api/internal/v1/stores/provision"},"httpResponse":{"statusCode":201,"headers":{"Content-Type":["application/json"]},"body":"{\"id\":\"store1\",\"name\":\"Internal Store\",\"address\":\"123 Internal Ave\"}"},"id":"4c1b1ef0-d14c-4c8d-9be0-47d4c1c46590","priority":0,"timeToLive":{"unlimited":true},"times":{"unlimited":true}}, $)
00:21:32.420 [MockServer-EventLog36] INFO org.mockserver.log.MockServerEventLog -- 8888 creating expectation:

  {
    "httpRequest" : {
      "method" : "POST",
      "path" : "/api/internal/v1/stores/provision"
    },
    "httpResponse" : {
      "statusCode" : 201,
      "headers" : {
        "Content-Type" : [ "application/json" ]
      },
      "body" : "{\"id\":\"store1\",\"name\":\"Internal Store\",\"address\":\"123 Internal Ave\"}"
    },
    "id" : "4c1b1ef0-d14c-4c8d-9be0-47d4c1c46590",
    "priority" : 0,
    "timeToLive" : {
      "unlimited" : true
    },
    "times" : {
      "unlimited" : true
    }
  }

 with id:

  4c1b1ef0-d14c-4c8d-9be0-47d4c1c46590

00:21:32.422 [main] DEBUG com.networknt.schema.PropertiesValidator -- validate( {"httpRequest":{"method":"POST","path":"/api/internal/v1/stores/provision"},"httpResponse":{"statusCode":201,"headers":{"Content-Type":["application/json"]},"body":"{\"id\":\"store1\",\"name\":\"Internal Store\",\"address\":\"123 Internal Ave\"}"},"id":"4c1b1ef0-d14c-4c8d-9be0-47d4c1c46590","priority":0,"timeToLive":{"unlimited":true},"times":{"unlimited":true}}, {"httpRequest":{"method":"POST","path":"/api/internal/v1/stores/provision"},"httpResponse":{"statusCode":201,"headers":{"Content-Type":["application/json"]},"body":"{\"id\":\"store1\",\"name\":\"Internal Store\",\"address\":\"123 Internal Ave\"}"},"id":"4c1b1ef0-d14c-4c8d-9be0-47d4c1c46590","priority":0,"timeToLive":{"unlimited":true},"times":{"unlimited":true}}, $)
00:21:32.422 [main] DEBUG com.networknt.schema.TypeValidator -- validate( "4c1b1ef0-d14c-4c8d-9be0-47d4c1c46590", {"httpRequest":{"method":"POST","path":"/api/internal/v1/stores/provision"},"httpResponse":{"statusCode":201,"headers":{"Content-Type":["application/json"]},"body":"{\"id\":\"store1\",\"name\":\"Internal Store\",\"address\":\"123 Internal Ave\"}"},"id":"4c1b1ef0-d14c-4c8d-9be0-47d4c1c46590","priority":0,"timeToLive":{"unlimited":true},"times":{"unlimited":true}}, $.id)
00:21:32.422 [main] DEBUG com.networknt.schema.TypeValidator -- validate( 0, {"httpRequest":{"method":"POST","path":"/api/internal/v1/stores/provision"},"httpResponse":{"statusCode":201,"headers":{"Content-Type":["application/json"]},"body":"{\"id\":\"store1\",\"name\":\"Internal Store\",\"address\":\"123 Internal Ave\"}"},"id":"4c1b1ef0-d14c-4c8d-9be0-47d4c1c46590","priority":0,"timeToLive":{"unlimited":true},"times":{"unlimited":true}}, $.priority)
00:21:32.422 [main] DEBUG com.networknt.schema.RefValidator -- validate( {"method":"POST","path":"/api/internal/v1/stores/provision"}, {"httpRequest":{"method":"POST","path":"/api/internal/v1/stores/provision"},"httpResponse":{"statusCode":201,"headers":{"Content-Type":["application/json"]},"body":"{\"id\":\"store1\",\"name\":\"Internal Store\",\"address\":\"123 Internal Ave\"}"},"id":"4c1b1ef0-d14c-4c8d-9be0-47d4c1c46590","priority":0,"timeToLive":{"unlimited":true},"times":{"unlimited":true}}, $.httpRequest)
00:21:32.422 [main] DEBUG com.networknt.schema.RequiredValidator -- validate( {"method":"POST","path":"/api/internal/v1/stores/provision"}, {"httpRequest":{"method":"POST","path":"/api/internal/v1/stores/provision"},"httpResponse":{"statusCode":201,"headers":{"Content-Type":["application/json"]},"body":"{\"id\":\"store1\",\"name\":\"Internal Store\",\"address\":\"123 Internal Ave\"}"},"id":"4c1b1ef0-d14c-4c8d-9be0-47d4c1c46590","priority":0,"timeToLive":{"unlimited":true},"times":{"unlimited":true}}, $.httpRequest)
00:21:32.422 [main] DEBUG com.networknt.schema.RefValidator -- validate( {"method":"POST","path":"/api/internal/v1/stores/provision"}, {"httpRequest":{"method":"POST","path":"/api/internal/v1/stores/provision"},"httpResponse":{"statusCode":201,"headers":{"Content-Type":["application/json"]},"body":"{\"id\":\"store1\",\"name\":\"Internal Store\",\"address\":\"123 Internal Ave\"}"},"id":"4c1b1ef0-d14c-4c8d-9be0-47d4c1c46590","priority":0,"timeToLive":{"unlimited":true},"times":{"unlimited":true}}, $.httpRequest)
00:21:32.422 [main] DEBUG com.networknt.schema.PropertiesValidator -- validate( {"method":"POST","path":"/api/internal/v1/stores/provision"}, {"httpRequest":{"method":"POST","path":"/api/internal/v1/stores/provision"},"httpResponse":{"statusCode":201,"headers":{"Content-Type":["application/json"]},"body":"{\"id\":\"store1\",\"name\":\"Internal Store\",\"address\":\"123 Internal Ave\"}"},"id":"4c1b1ef0-d14c-4c8d-9be0-47d4c1c46590","priority":0,"timeToLive":{"unlimited":true},"times":{"unlimited":true}}, $.httpRequest)
00:21:32.422 [main] DEBUG com.networknt.schema.RefValidator -- validate( "POST", {"httpRequest":{"method":"POST","path":"/api/internal/v1/stores/provision"},"httpResponse":{"statusCode":201,"headers":{"Content-Type":["application/json"]},"body":"{\"id\":\"store1\",\"name\":\"Internal Store\",\"address\":\"123 Internal Ave\"}"},"id":"4c1b1ef0-d14c-4c8d-9be0-47d4c1c46590","priority":0,"timeToLive":{"unlimited":true},"times":{"unlimited":true}}, $.httpRequest.method)
00:21:32.422 [main] DEBUG com.networknt.schema.OneOfValidator -- validate( "POST", {"httpRequest":{"method":"POST","path":"/api/internal/v1/stores/provision"},"httpResponse":{"statusCode":201,"headers":{"Content-Type":["application/json"]},"body":"{\"id\":\"store1\",\"name\":\"Internal Store\",\"address\":\"123 Internal Ave\"}"},"id":"4c1b1ef0-d14c-4c8d-9be0-47d4c1c46590","priority":0,"timeToLive":{"unlimited":true},"times":{"unlimited":true}}, $.httpRequest.method)
00:21:32.422 [main] DEBUG com.networknt.schema.TypeValidator -- validate( "POST", {"httpRequest":{"method":"POST","path":"/api/internal/v1/stores/provision"},"httpResponse":{"statusCode":201,"headers":{"Content-Type":["application/json"]},"body":"{\"id\":\"store1\",\"name\":\"Internal Store\",\"address\":\"123 Internal Ave\"}"},"id":"4c1b1ef0-d14c-4c8d-9be0-47d4c1c46590","priority":0,"timeToLive":{"unlimited":true},"times":{"unlimited":true}}, $.httpRequest.method)
00:21:32.422 [main] DEBUG com.networknt.schema.PropertiesValidator -- validate( "POST", {"httpRequest":{"method":"POST","path":"/api/internal/v1/stores/provision"},"httpResponse":{"statusCode":201,"headers":{"Content-Type":["application/json"]},"body":"{\"id\":\"store1\",\"name\":\"Internal Store\",\"address\":\"123 Internal Ave\"}"},"id":"4c1b1ef0-d14c-4c8d-9be0-47d4c1c46590","priority":0,"timeToLive":{"unlimited":true},"times":{"unlimited":true}}, $.httpRequest.method)
00:21:32.422 [main] DEBUG com.networknt.schema.AdditionalPropertiesValidator -- validate( "POST", {"httpRequest":{"method":"POST","path":"/api/internal/v1/stores/provision"},"httpResponse":{"statusCode":201,"headers":{"Content-Type":["application/json"]},"body":"{\"id\":\"store1\",\"name\":\"Internal Store\",\"address\":\"123 Internal Ave\"}"},"id":"4c1b1ef0-d14c-4c8d-9be0-47d4c1c46590","priority":0,"timeToLive":{"unlimited":true},"times":{"unlimited":true}}, $.httpRequest.method)
00:21:32.422 [main] DEBUG com.networknt.schema.TypeValidator -- validate( "POST", {"httpRequest":{"method":"POST","path":"/api/internal/v1/stores/provision"},"httpResponse":{"statusCode":201,"headers":{"Content-Type":["application/json"]},"body":"{\"id\":\"store1\",\"name\":\"Internal Store\",\"address\":\"123 Internal Ave\"}"},"id":"4c1b1ef0-d14c-4c8d-9be0-47d4c1c46590","priority":0,"timeToLive":{"unlimited":true},"times":{"unlimited":true}}, $.httpRequest.method)
00:21:32.422 [main] DEBUG com.networknt.schema.RefValidator -- validate( "/api/internal/v1/stores/provision", {"httpRequest":{"method":"POST","path":"/api/internal/v1/stores/provision"},"httpResponse":{"statusCode":201,"headers":{"Content-Type":["application/json"]},"body":"{\"id\":\"store1\",\"name\":\"Internal Store\",\"address\":\"123 Internal Ave\"}"},"id":"4c1b1ef0-d14c-4c8d-9be0-47d4c1c46590","priority":0,"timeToLive":{"unlimited":true},"times":{"unlimited":true}}, $.httpRequest.path)
00:21:32.422 [main] DEBUG com.networknt.schema.OneOfValidator -- validate( "/api/internal/v1/stores/provision", {"httpRequest":{"method":"POST","path":"/api/internal/v1/stores/provision"},"httpResponse":{"statusCode":201,"headers":{"Content-Type":["application/json"]},"body":"{\"id\":\"store1\",\"name\":\"Internal Store\",\"address\":\"123 Internal Ave\"}"},"id":"4c1b1ef0-d14c-4c8d-9be0-47d4c1c46590","priority":0,"timeToLive":{"unlimited":true},"times":{"unlimited":true}}, $.httpRequest.path)
00:21:32.422 [main] DEBUG com.networknt.schema.TypeValidator -- validate( "/api/internal/v1/stores/provision", {"httpRequest":{"method":"POST","path":"/api/internal/v1/stores/provision"},"httpResponse":{"statusCode":201,"headers":{"Content-Type":["application/json"]},"body":"{\"id\":\"store1\",\"name\":\"Internal Store\",\"address\":\"123 Internal Ave\"}"},"id":"4c1b1ef0-d14c-4c8d-9be0-47d4c1c46590","priority":0,"timeToLive":{"unlimited":true},"times":{"unlimited":true}}, $.httpRequest.path)
00:21:32.422 [main] DEBUG com.networknt.schema.PropertiesValidator -- validate( "/api/internal/v1/stores/provision", {"httpRequest":{"method":"POST","path":"/api/internal/v1/stores/provision"},"httpResponse":{"statusCode":201,"headers":{"Content-Type":["application/json"]},"body":"{\"id\":\"store1\",\"name\":\"Internal Store\",\"address\":\"123 Internal Ave\"}"},"id":"4c1b1ef0-d14c-4c8d-9be0-47d4c1c46590","priority":0,"timeToLive":{"unlimited":true},"times":{"unlimited":true}}, $.httpRequest.path)
00:21:32.422 [main] DEBUG com.networknt.schema.AdditionalPropertiesValidator -- validate( "/api/internal/v1/stores/provision", {"httpRequest":{"method":"POST","path":"/api/internal/v1/stores/provision"},"httpResponse":{"statusCode":201,"headers":{"Content-Type":["application/json"]},"body":"{\"id\":\"store1\",\"name\":\"Internal Store\",\"address\":\"123 Internal Ave\"}"},"id":"4c1b1ef0-d14c-4c8d-9be0-47d4c1c46590","priority":0,"timeToLive":{"unlimited":true},"times":{"unlimited":true}}, $.httpRequest.path)
00:21:32.422 [main] DEBUG com.networknt.schema.TypeValidator -- validate( "/api/internal/v1/stores/provision", {"httpRequest":{"method":"POST","path":"/api/internal/v1/stores/provision"},"httpResponse":{"statusCode":201,"headers":{"Content-Type":["application/json"]},"body":"{\"id\":\"store1\",\"name\":\"Internal Store\",\"address\":\"123 Internal Ave\"}"},"id":"4c1b1ef0-d14c-4c8d-9be0-47d4c1c46590","priority":0,"timeToLive":{"unlimited":true},"times":{"unlimited":true}}, $.httpRequest.path)
00:21:32.422 [main] DEBUG com.networknt.schema.AdditionalPropertiesValidator -- validate( {"method":"POST","path":"/api/internal/v1/stores/provision"}, {"httpRequest":{"method":"POST","path":"/api/internal/v1/stores/provision"},"httpResponse":{"statusCode":201,"headers":{"Content-Type":["application/json"]},"body":"{\"id\":\"store1\",\"name\":\"Internal Store\",\"address\":\"123 Internal Ave\"}"},"id":"4c1b1ef0-d14c-4c8d-9be0-47d4c1c46590","priority":0,"timeToLive":{"unlimited":true},"times":{"unlimited":true}}, $.httpRequest)
00:21:32.422 [main] DEBUG com.networknt.schema.TypeValidator -- validate( {"method":"POST","path":"/api/internal/v1/stores/provision"}, {"httpRequest":{"method":"POST","path":"/api/internal/v1/stores/provision"},"httpResponse":{"statusCode":201,"headers":{"Content-Type":["application/json"]},"body":"{\"id\":\"store1\",\"name\":\"Internal Store\",\"address\":\"123 Internal Ave\"}"},"id":"4c1b1ef0-d14c-4c8d-9be0-47d4c1c46590","priority":0,"timeToLive":{"unlimited":true},"times":{"unlimited":true}}, $.httpRequest)
00:21:32.423 [main] DEBUG com.networknt.schema.RefValidator -- validate( {"statusCode":201,"headers":{"Content-Type":["application/json"]},"body":"{\"id\":\"store1\",\"name\":\"Internal Store\",\"address\":\"123 Internal Ave\"}"}, {"httpRequest":{"method":"POST","path":"/api/internal/v1/stores/provision"},"httpResponse":{"statusCode":201,"headers":{"Content-Type":["application/json"]},"body":"{\"id\":\"store1\",\"name\":\"Internal Store\",\"address\":\"123 Internal Ave\"}"},"id":"4c1b1ef0-d14c-4c8d-9be0-47d4c1c46590","priority":0,"timeToLive":{"unlimited":true},"times":{"unlimited":true}}, $.httpResponse)
00:21:32.423 [main] DEBUG com.networknt.schema.PropertiesValidator -- validate( {"statusCode":201,"headers":{"Content-Type":["application/json"]},"body":"{\"id\":\"store1\",\"name\":\"Internal Store\",\"address\":\"123 Internal Ave\"}"}, {"httpRequest":{"method":"POST","path":"/api/internal/v1/stores/provision"},"httpResponse":{"statusCode":201,"headers":{"Content-Type":["application/json"]},"body":"{\"id\":\"store1\",\"name\":\"Internal Store\",\"address\":\"123 Internal Ave\"}"},"id":"4c1b1ef0-d14c-4c8d-9be0-47d4c1c46590","priority":0,"timeToLive":{"unlimited":true},"times":{"unlimited":true}}, $.httpResponse)
00:21:32.423 [main] DEBUG com.networknt.schema.RefValidator -- validate( "{\"id\":\"store1\",\"name\":\"Internal Store\",\"address\":\"123 Internal Ave\"}", {"httpRequest":{"method":"POST","path":"/api/internal/v1/stores/provision"},"httpResponse":{"statusCode":201,"headers":{"Content-Type":["application/json"]},"body":"{\"id\":\"store1\",\"name\":\"Internal Store\",\"address\":\"123 Internal Ave\"}"},"id":"4c1b1ef0-d14c-4c8d-9be0-47d4c1c46590","priority":0,"timeToLive":{"unlimited":true},"times":{"unlimited":true}}, $.httpResponse.body)
00:21:32.423 [main] DEBUG com.networknt.schema.RequiredValidator -- validate( "{\"id\":\"store1\",\"name\":\"Internal Store\",\"address\":\"123 Internal Ave\"}", {"httpRequest":{"method":"POST","path":"/api/internal/v1/stores/provision"},"httpResponse":{"statusCode":201,"headers":{"Content-Type":["application/json"]},"body":"{\"id\":\"store1\",\"name\":\"Internal Store\",\"address\":\"123 Internal Ave\"}"},"id":"4c1b1ef0-d14c-4c8d-9be0-47d4c1c46590","priority":0,"timeToLive":{"unlimited":true},"times":{"unlimited":true}}, $.httpResponse.body)
00:21:32.423 [main] DEBUG com.networknt.schema.PropertiesValidator -- validate( "{\"id\":\"store1\",\"name\":\"Internal Store\",\"address\":\"123 Internal Ave\"}", {"httpRequest":{"method":"POST","path":"/api/internal/v1/stores/provision"},"httpResponse":{"statusCode":201,"headers":{"Content-Type":["application/json"]},"body":"{\"id\":\"store1\",\"name\":\"Internal Store\",\"address\":\"123 Internal Ave\"}"},"id":"4c1b1ef0-d14c-4c8d-9be0-47d4c1c46590","priority":0,"timeToLive":{"unlimited":true},"times":{"unlimited":true}}, $.httpResponse.body)
00:21:32.423 [main] DEBUG com.networknt.schema.AdditionalPropertiesValidator -- validate( "{\"id\":\"store1\",\"name\":\"Internal Store\",\"address\":\"123 Internal Ave\"}", {"httpRequest":{"method":"POST","path":"/api/internal/v1/stores/provision"},"httpResponse":{"statusCode":201,"headers":{"Content-Type":["application/json"]},"body":"{\"id\":\"store1\",\"name\":\"Internal Store\",\"address\":\"123 Internal Ave\"}"},"id":"4c1b1ef0-d14c-4c8d-9be0-47d4c1c46590","priority":0,"timeToLive":{"unlimited":true},"times":{"unlimited":true}}, $.httpResponse.body)
00:21:32.423 [main] DEBUG com.networknt.schema.TypeValidator -- validate( "{\"id\":\"store1\",\"name\":\"Internal Store\",\"address\":\"123 Internal Ave\"}", {"httpRequest":{"method":"POST","path":"/api/internal/v1/stores/provision"},"httpResponse":{"statusCode":201,"headers":{"Content-Type":["application/json"]},"body":"{\"id\":\"store1\",\"name\":\"Internal Store\",\"address\":\"123 Internal Ave\"}"},"id":"4c1b1ef0-d14c-4c8d-9be0-47d4c1c46590","priority":0,"timeToLive":{"unlimited":true},"times":{"unlimited":true}}, $.httpResponse.body)
00:21:32.423 [main] DEBUG com.networknt.schema.PropertiesValidator -- validate( "{\"id\":\"store1\",\"name\":\"Internal Store\",\"address\":\"123 Internal Ave\"}", {"httpRequest":{"method":"POST","path":"/api/internal/v1/stores/provision"},"httpResponse":{"statusCode":201,"headers":{"Content-Type":["application/json"]},"body":"{\"id\":\"store1\",\"name\":\"Internal Store\",\"address\":\"123 Internal Ave\"}"},"id":"4c1b1ef0-d14c-4c8d-9be0-47d4c1c46590","priority":0,"timeToLive":{"unlimited":true},"times":{"unlimited":true}}, $.httpResponse.body)
00:21:32.423 [main] DEBUG com.networknt.schema.AdditionalPropertiesValidator -- validate( "{\"id\":\"store1\",\"name\":\"Internal Store\",\"address\":\"123 Internal Ave\"}", {"httpRequest":{"method":"POST","path":"/api/internal/v1/stores/provision"},"httpResponse":{"statusCode":201,"headers":{"Content-Type":["application/json"]},"body":"{\"id\":\"store1\",\"name\":\"Internal Store\",\"address\":\"123 Internal Ave\"}"},"id":"4c1b1ef0-d14c-4c8d-9be0-47d4c1c46590","priority":0,"timeToLive":{"unlimited":true},"times":{"unlimited":true}}, $.httpResponse.body)
00:21:32.423 [main] DEBUG com.networknt.schema.TypeValidator -- validate( "{\"id\":\"store1\",\"name\":\"Internal Store\",\"address\":\"123 Internal Ave\"}", {"httpRequest":{"method":"POST","path":"/api/internal/v1/stores/provision"},"httpResponse":{"statusCode":201,"headers":{"Content-Type":["application/json"]},"body":"{\"id\":\"store1\",\"name\":\"Internal Store\",\"address\":\"123 Internal Ave\"}"},"id":"4c1b1ef0-d14c-4c8d-9be0-47d4c1c46590","priority":0,"timeToLive":{"unlimited":true},"times":{"unlimited":true}}, $.httpResponse.body)
00:21:32.423 [main] DEBUG com.networknt.schema.AdditionalPropertiesValidator -- validate( "{\"id\":\"store1\",\"name\":\"Internal Store\",\"address\":\"123 Internal Ave\"}", {"httpRequest":{"method":"POST","path":"/api/internal/v1/stores/provision"},"httpResponse":{"statusCode":201,"headers":{"Content-Type":["application/json"]},"body":"{\"id\":\"store1\",\"name\":\"Internal Store\",\"address\":\"123 Internal Ave\"}"},"id":"4c1b1ef0-d14c-4c8d-9be0-47d4c1c46590","priority":0,"timeToLive":{"unlimited":true},"times":{"unlimited":true}}, $.httpResponse.body)
00:21:32.423 [main] DEBUG com.networknt.schema.TypeValidator -- validate( "{\"id\":\"store1\",\"name\":\"Internal Store\",\"address\":\"123 Internal Ave\"}", {"httpRequest":{"method":"POST","path":"/api/internal/v1/stores/provision"},"httpResponse":{"statusCode":201,"headers":{"Content-Type":["application/json"]},"body":"{\"id\":\"store1\",\"name\":\"Internal Store\",\"address\":\"123 Internal Ave\"}"},"id":"4c1b1ef0-d14c-4c8d-9be0-47d4c1c46590","priority":0,"timeToLive":{"unlimited":true},"times":{"unlimited":true}}, $.httpResponse.body)
00:21:32.423 [main] DEBUG com.networknt.schema.AdditionalPropertiesValidator -- validate( "{\"id\":\"store1\",\"name\":\"Internal Store\",\"address\":\"123 Internal Ave\"}", {"httpRequest":{"method":"POST","path":"/api/internal/v1/stores/provision"},"httpResponse":{"statusCode":201,"headers":{"Content-Type":["application/json"]},"body":"{\"id\":\"store1\",\"name\":\"Internal Store\",\"address\":\"123 Internal Ave\"}"},"id":"4c1b1ef0-d14c-4c8d-9be0-47d4c1c46590","priority":0,"timeToLive":{"unlimited":true},"times":{"unlimited":true}}, $.httpResponse.body)
00:21:32.423 [main] DEBUG com.networknt.schema.TypeValidator -- validate( "{\"id\":\"store1\",\"name\":\"Internal Store\",\"address\":\"123 Internal Ave\"}", {"httpRequest":{"method":"POST","path":"/api/internal/v1/stores/provision"},"httpResponse":{"statusCode":201,"headers":{"Content-Type":["application/json"]},"body":"{\"id\":\"store1\",\"name\":\"Internal Store\",\"address\":\"123 Internal Ave\"}"},"id":"4c1b1ef0-d14c-4c8d-9be0-47d4c1c46590","priority":0,"timeToLive":{"unlimited":true},"times":{"unlimited":true}}, $.httpResponse.body)
00:21:32.423 [main] DEBUG com.networknt.schema.PropertiesValidator -- validate( "{\"id\":\"store1\",\"name\":\"Internal Store\",\"address\":\"123 Internal Ave\"}", {"httpRequest":{"method":"POST","path":"/api/internal/v1/stores/provision"},"httpResponse":{"statusCode":201,"headers":{"Content-Type":["application/json"]},"body":"{\"id\":\"store1\",\"name\":\"Internal Store\",\"address\":\"123 Internal Ave\"}"},"id":"4c1b1ef0-d14c-4c8d-9be0-47d4c1c46590","priority":0,"timeToLive":{"unlimited":true},"times":{"unlimited":true}}, $.httpResponse.body)
00:21:32.423 [main] DEBUG com.networknt.schema.AdditionalPropertiesValidator -- validate( "{\"id\":\"store1\",\"name\":\"Internal Store\",\"address\":\"123 Internal Ave\"}", {"httpRequest":{"method":"POST","path":"/api/internal/v1/stores/provision"},"httpResponse":{"statusCode":201,"headers":{"Content-Type":["application/json"]},"body":"{\"id\":\"store1\",\"name\":\"Internal Store\",\"address\":\"123 Internal Ave\"}"},"id":"4c1b1ef0-d14c-4c8d-9be0-47d4c1c46590","priority":0,"timeToLive":{"unlimited":true},"times":{"unlimited":true}}, $.httpResponse.body)
00:21:32.423 [main] DEBUG com.networknt.schema.TypeValidator -- validate( "{\"id\":\"store1\",\"name\":\"Internal Store\",\"address\":\"123 Internal Ave\"}", {"httpRequest":{"method":"POST","path":"/api/internal/v1/stores/provision"},"httpResponse":{"statusCode":201,"headers":{"Content-Type":["application/json"]},"body":"{\"id\":\"store1\",\"name\":\"Internal Store\",\"address\":\"123 Internal Ave\"}"},"id":"4c1b1ef0-d14c-4c8d-9be0-47d4c1c46590","priority":0,"timeToLive":{"unlimited":true},"times":{"unlimited":true}}, $.httpResponse.body)
00:21:32.423 [main] DEBUG com.networknt.schema.PropertiesValidator -- validate( "{\"id\":\"store1\",\"name\":\"Internal Store\",\"address\":\"123 Internal Ave\"}", {"httpRequest":{"method":"POST","path":"/api/internal/v1/stores/provision"},"httpResponse":{"statusCode":201,"headers":{"Content-Type":["application/json"]},"body":"{\"id\":\"store1\",\"name\":\"Internal Store\",\"address\":\"123 Internal Ave\"}"},"id":"4c1b1ef0-d14c-4c8d-9be0-47d4c1c46590","priority":0,"timeToLive":{"unlimited":true},"times":{"unlimited":true}}, $.httpResponse.body)
00:21:32.423 [main] DEBUG com.networknt.schema.AdditionalPropertiesValidator -- validate( "{\"id\":\"store1\",\"name\":\"Internal Store\",\"address\":\"123 Internal Ave\"}", {"httpRequest":{"method":"POST","path":"/api/internal/v1/stores/provision"},"httpResponse":{"statusCode":201,"headers":{"Content-Type":["application/json"]},"body":"{\"id\":\"store1\",\"name\":\"Internal Store\",\"address\":\"123 Internal Ave\"}"},"id":"4c1b1ef0-d14c-4c8d-9be0-47d4c1c46590","priority":0,"timeToLive":{"unlimited":true},"times":{"unlimited":true}}, $.httpResponse.body)
00:21:32.423 [main] DEBUG com.networknt.schema.TypeValidator -- validate( "{\"id\":\"store1\",\"name\":\"Internal Store\",\"address\":\"123 Internal Ave\"}", {"httpRequest":{"method":"POST","path":"/api/internal/v1/stores/provision"},"httpResponse":{"statusCode":201,"headers":{"Content-Type":["application/json"]},"body":"{\"id\":\"store1\",\"name\":\"Internal Store\",\"address\":\"123 Internal Ave\"}"},"id":"4c1b1ef0-d14c-4c8d-9be0-47d4c1c46590","priority":0,"timeToLive":{"unlimited":true},"times":{"unlimited":true}}, $.httpResponse.body)
00:21:32.423 [main] DEBUG com.networknt.schema.TypeValidator -- validate( "{\"id\":\"store1\",\"name\":\"Internal Store\",\"address\":\"123 Internal Ave\"}", {"httpRequest":{"method":"POST","path":"/api/internal/v1/stores/provision"},"httpResponse":{"statusCode":201,"headers":{"Content-Type":["application/json"]},"body":"{\"id\":\"store1\",\"name\":\"Internal Store\",\"address\":\"123 Internal Ave\"}"},"id":"4c1b1ef0-d14c-4c8d-9be0-47d4c1c46590","priority":0,"timeToLive":{"unlimited":true},"times":{"unlimited":true}}, $.httpResponse.body)
00:21:32.423 [main] DEBUG com.networknt.schema.RefValidator -- validate( {"Content-Type":["application/json"]}, {"httpRequest":{"method":"POST","path":"/api/internal/v1/stores/provision"},"httpResponse":{"statusCode":201,"headers":{"Content-Type":["application/json"]},"body":"{\"id\":\"store1\",\"name\":\"Internal Store\",\"address\":\"123 Internal Ave\"}"},"id":"4c1b1ef0-d14c-4c8d-9be0-47d4c1c46590","priority":0,"timeToLive":{"unlimited":true},"times":{"unlimited":true}}, $.httpResponse.headers)
00:21:32.423 [main] DEBUG com.networknt.schema.OneOfValidator -- validate( {"Content-Type":["application/json"]}, {"httpRequest":{"method":"POST","path":"/api/internal/v1/stores/provision"},"httpResponse":{"statusCode":201,"headers":{"Content-Type":["application/json"]},"body":"{\"id\":\"store1\",\"name\":\"Internal Store\",\"address\":\"123 Internal Ave\"}"},"id":"4c1b1ef0-d14c-4c8d-9be0-47d4c1c46590","priority":0,"timeToLive":{"unlimited":true},"times":{"unlimited":true}}, $.httpResponse.headers)
00:21:32.423 [main] DEBUG com.networknt.schema.AdditionalPropertiesValidator -- validate( {"Content-Type":["application/json"]}, {"httpRequest":{"method":"POST","path":"/api/internal/v1/stores/provision"},"httpResponse":{"statusCode":201,"headers":{"Content-Type":["application/json"]},"body":"{\"id\":\"store1\",\"name\":\"Internal Store\",\"address\":\"123 Internal Ave\"}"},"id":"4c1b1ef0-d14c-4c8d-9be0-47d4c1c46590","priority":0,"timeToLive":{"unlimited":true},"times":{"unlimited":true}}, $.httpResponse.headers)
[...]
00:21:32.721 [main] DEBUG com.networknt.schema.RequiredValidator -- validate( {"httpRequest":{"method":"GET","path":"/api/internal/v1/health"},"httpResponse":{"statusCode":200,"headers":{"Content-Type":["application/json"]},"body":"{\"status\":\"healthy\",\"timestamp\":\"2025-12-04T12:00:00Z\"}"},"id":"58f15803-0bf7-4738-b59f-6ccdd2b0a017","priority":0,"timeToLive":{"unlimited":true},"times":{"unlimited":true}}, {"httpRequest":{"method":"GET","path":"/api/internal/v1/health"},"httpResponse":{"statusCode":200,"headers":{"Content-Type":["application/json"]},"body":"{\"status\":\"healthy\",\"timestamp\":\"2025-12-04T12:00:00Z\"}"},"id":"58f15803-0bf7-4738-b59f-6ccdd2b0a017","priority":0,"timeToLive":{"unlimited":true},"times":{"unlimited":true}}, $)
00:21:32.721 [main] DEBUG com.networknt.schema.RequiredValidator -- validate( {"httpRequest":{"method":"GET","path":"/api/internal/v1/health"},"httpResponse":{"statusCode":200,"headers":{"Content-Type":["application/json"]},"body":"{\"status\":\"healthy\",\"timestamp\":\"2025-12-04T12:00:00Z\"}"},"id":"58f15803-0bf7-4738-b59f-6ccdd2b0a017","priority":0,"timeToLive":{"unlimited":true},"times":{"unlimited":true}}, {"httpRequest":{"method":"GET","path":"/api/internal/v1/health"},"httpResponse":{"statusCode":200,"headers":{"Content-Type":["application/json"]},"body":"{\"status\":\"healthy\",\"timestamp\":\"2025-12-04T12:00:00Z\"}"},"id":"58f15803-0bf7-4738-b59f-6ccdd2b0a017","priority":0,"timeToLive":{"unlimited":true},"times":{"unlimited":true}}, $)
00:21:32.721 [main] DEBUG com.networknt.schema.RequiredValidator -- validate( {"httpRequest":{"method":"GET","path":"/api/internal/v1/health"},"httpResponse":{"statusCode":200,"headers":{"Content-Type":["application/json"]},"body":"{\"status\":\"healthy\",\"timestamp\":\"2025-12-04T12:00:00Z\"}"},"id":"58f15803-0bf7-4738-b59f-6ccdd2b0a017","priority":0,"timeToLive":{"unlimited":true},"times":{"unlimited":true}}, {"httpRequest":{"method":"GET","path":"/api/internal/v1/health"},"httpResponse":{"statusCode":200,"headers":{"Content-Type":["application/json"]},"body":"{\"status\":\"healthy\",\"timestamp\":\"2025-12-04T12:00:00Z\"}"},"id":"58f15803-0bf7-4738-b59f-6ccdd2b0a017","priority":0,"timeToLive":{"unlimited":true},"times":{"unlimited":true}}, $)
00:21:32.722 [main] DEBUG com.networknt.schema.RequiredValidator -- validate( {"httpRequest":{"method":"GET","path":"/api/internal/v1/health"},"httpResponse":{"statusCode":200,"headers":{"Content-Type":["application/json"]},"body":"{\"status\":\"healthy\",\"timestamp\":\"2025-12-04T12:00:00Z\"}"},"id":"58f15803-0bf7-4738-b59f-6ccdd2b0a017","priority":0,"timeToLive":{"unlimited":true},"times":{"unlimited":true}}, {"httpRequest":{"method":"GET","path":"/api/internal/v1/health"},"httpResponse":{"statusCode":200,"headers":{"Content-Type":["application/json"]},"body":"{\"status\":\"healthy\",\"timestamp\":\"2025-12-04T12:00:00Z\"}"},"id":"58f15803-0bf7-4738-b59f-6ccdd2b0a017","priority":0,"timeToLive":{"unlimited":true},"times":{"unlimited":true}}, $)
00:21:32.722 [main] DEBUG com.networknt.schema.RequiredValidator -- validate( {"httpRequest":{"method":"GET","path":"/api/internal/v1/health"},"httpResponse":{"statusCode":200,"headers":{"Content-Type":["application/json"]},"body":"{\"status\":\"healthy\",\"timestamp\":\"2025-12-04T12:00:00Z\"}"},"id":"58f15803-0bf7-4738-b59f-6ccdd2b0a017","priority":0,"timeToLive":{"unlimited":true},"times":{"unlimited":true}}, {"httpRequest":{"method":"GET","path":"/api/internal/v1/health"},"httpResponse":{"statusCode":200,"headers":{"Content-Type":["application/json"]},"body":"{\"status\":\"healthy\",\"timestamp\":\"2025-12-04T12:00:00Z\"}"},"id":"58f15803-0bf7-4738-b59f-6ccdd2b0a017","priority":0,"timeToLive":{"unlimited":true},"times":{"unlimited":true}}, $)
00:21:32.722 [main] DEBUG com.networknt.schema.RequiredValidator -- validate( {"httpRequest":{"method":"GET","path":"/api/internal/v1/health"},"httpResponse":{"statusCode":200,"headers":{"Content-Type":["application/json"]},"body":"{\"status\":\"healthy\",\"timestamp\":\"2025-12-04T12:00:00Z\"}"},"id":"58f15803-0bf7-4738-b59f-6ccdd2b0a017","priority":0,"timeToLive":{"unlimited":true},"times":{"unlimited":true}}, {"httpRequest":{"method":"GET","path":"/api/internal/v1/health"},"httpResponse":{"statusCode":200,"headers":{"Content-Type":["application/json"]},"body":"{\"status\":\"healthy\",\"timestamp\":\"2025-12-04T12:00:00Z\"}"},"id":"58f15803-0bf7-4738-b59f-6ccdd2b0a017","priority":0,"timeToLive":{"unlimited":true},"times":{"unlimited":true}}, $)
00:21:32.722 [main] DEBUG com.networknt.schema.RequiredValidator -- validate( {"httpRequest":{"method":"GET","path":"/api/internal/v1/health"},"httpResponse":{"statusCode":200,"headers":{"Content-Type":["application/json"]},"body":"{\"status\":\"healthy\",\"timestamp\":\"2025-12-04T12:00:00Z\"}"},"id":"58f15803-0bf7-4738-b59f-6ccdd2b0a017","priority":0,"timeToLive":{"unlimited":true},"times":{"unlimited":true}}, {"httpRequest":{"method":"GET","path":"/api/internal/v1/health"},"httpResponse":{"statusCode":200,"headers":{"Content-Type":["application/json"]},"body":"{\"status\":\"healthy\",\"timestamp\":\"2025-12-04T12:00:00Z\"}"},"id":"58f15803-0bf7-4738-b59f-6ccdd2b0a017","priority":0,"timeToLive":{"unlimited":true},"times":{"unlimited":true}}, $)
00:21:32.722 [main] DEBUG com.networknt.schema.RequiredValidator -- validate( {"httpRequest":{"method":"GET","path":"/api/internal/v1/health"},"httpResponse":{"statusCode":200,"headers":{"Content-Type":["application/json"]},"body":"{\"status\":\"healthy\",\"timestamp\":\"2025-12-04T12:00:00Z\"}"},"id":"58f15803-0bf7-4738-b59f-6ccdd2b0a017","priority":0,"timeToLive":{"unlimited":true},"times":{"unlimited":true}}, {"httpRequest":{"method":"GET","path":"/api/internal/v1/health"},"httpResponse":{"statusCode":200,"headers":{"Content-Type":["application/json"]},"body":"{\"status\":\"healthy\",\"timestamp\":\"2025-12-04T12:00:00Z\"}"},"id":"58f15803-0bf7-4738-b59f-6ccdd2b0a017","priority":0,"timeToLive":{"unlimited":true},"times":{"unlimited":true}}, $)
00:21:32.722 [main] DEBUG com.networknt.schema.RequiredValidator -- validate( {"httpRequest":{"method":"GET","path":"/api/internal/v1/health"},"httpResponse":{"statusCode":200,"headers":{"Content-Type":["application/json"]},"body":"{\"status\":\"healthy\",\"timestamp\":\"2025-12-04T12:00:00Z\"}"},"id":"58f15803-0bf7-4738-b59f-6ccdd2b0a017","priority":0,"timeToLive":{"unlimited":true},"times":{"unlimited":true}}, {"httpRequest":{"method":"GET","path":"/api/internal/v1/health"},"httpResponse":{"statusCode":200,"headers":{"Content-Type":["application/json"]},"body":"{\"status\":\"healthy\",\"timestamp\":\"2025-12-04T12:00:00Z\"}"},"id":"58f15803-0bf7-4738-b59f-6ccdd2b0a017","priority":0,"timeToLive":{"unlimited":true},"times":{"unlimited":true}}, $)
00:21:32.722 [main] DEBUG com.networknt.schema.RequiredValidator -- validate( {"httpRequest":{"method":"GET","path":"/api/internal/v1/health"},"httpResponse":{"statusCode":200,"headers":{"Content-Type":["application/json"]},"body":"{\"status\":\"healthy\",\"timestamp\":\"2025-12-04T12:00:00Z\"}"},"id":"58f15803-0bf7-4738-b59f-6ccdd2b0a017","priority":0,"timeToLive":{"unlimited":true},"times":{"unlimited":true}}, {"httpRequest":{"method":"GET","path":"/api/internal/v1/health"},"httpResponse":{"statusCode":200,"headers":{"Content-Type":["application/json"]},"body":"{\"status\":\"healthy\",\"timestamp\":\"2025-12-04T12:00:00Z\"}"},"id":"58f15803-0bf7-4738-b59f-6ccdd2b0a017","priority":0,"timeToLive":{"unlimited":true},"times":{"unlimited":true}}, $)
00:21:32.722 [main] DEBUG com.networknt.schema.TypeValidator -- validate( {"httpRequest":{"method":"GET","path":"/api/internal/v1/health"},"httpResponse":{"statusCode":200,"headers":{"Content-Type":["application/json"]},"body":"{\"status\":\"healthy\",\"timestamp\":\"2025-12-04T12:00:00Z\"}"},"id":"58f15803-0bf7-4738-b59f-6ccdd2b0a017","priority":0,"timeToLive":{"unlimited":true},"times":{"unlimited":true}}, {"httpRequest":{"method":"GET","path":"/api/internal/v1/health"},"httpResponse":{"statusCode":200,"headers":{"Content-Type":["application/json"]},"body":"{\"status\":\"healthy\",\"timestamp\":\"2025-12-04T12:00:00Z\"}"},"id":"58f15803-0bf7-4738-b59f-6ccdd2b0a017","priority":0,"timeToLive":{"unlimited":true},"times":{"unlimited":true}}, $)
00:21:32.729 [MockServer-EventLog36] INFO org.mockserver.log.MockServerEventLog -- 8888 received request:

  {
    "method" : "GET",
    "path" : "/api/internal/v1/health",
    "headers" : {
      "content-length" : [ "0" ],
      "User-Agent" : [ "Apache-HttpClient/4.5.13 (Java/17.0.17)" ],
      "Host" : [ "localhost:8888" ],
      "Connection" : [ "Keep-Alive" ],
      "Accept-Encoding" : [ "gzip,deflate" ],
      "Accept" : [ "*/*" ]
    },
    "keepAlive" : true,
    "secure" : false,
    "protocol" : "HTTP_1_1",
    "localAddress" : "127.0.0.1:8888",
    "remoteAddress" : "127.0.0.1:59968"
  }

00:21:32.730 [MockServer-EventLog36] INFO org.mockserver.log.MockServerEventLog -- 8888 request:

  {
    "method" : "GET",
    "path" : "/api/internal/v1/health",
    "headers" : {
      "content-length" : [ "0" ],
      "User-Agent" : [ "Apache-HttpClient/4.5.13 (Java/17.0.17)" ],
      "Host" : [ "localhost:8888" ],
      "Connection" : [ "Keep-Alive" ],
      "Accept-Encoding" : [ "gzip,deflate" ],
      "Accept" : [ "*/*" ]
    },
    "keepAlive" : true,
    "secure" : false,
    "protocol" : "HTTP_1_1",
    "localAddress" : "127.0.0.1:8888",
    "remoteAddress" : "127.0.0.1:59968"
  }

 matched expectation:

  {
    "httpRequest" : {
      "method" : "GET",
      "path" : "/api/internal/v1/health"
    },
    "httpResponse" : {
      "statusCode" : 200,
      "headers" : {
        "Content-Type" : [ "application/json" ]
      },
      "body" : "{\"status\":\"healthy\",\"timestamp\":\"2025-12-04T12:00:00Z\"}"
    },
    "id" : "58f15803-0bf7-4738-b59f-6ccdd2b0a017",
    "priority" : 0,
    "timeToLive" : {
      "unlimited" : true
    },
    "times" : {
      "unlimited" : true
    }
  }

00:21:32.730 [MockServer-EventLog36] INFO org.mockserver.log.MockServerEventLog -- 8888 returning response:

  {
    "statusCode" : 200,
    "headers" : {
      "Content-Type" : [ "application/json" ]
    },
    "body" : "{\"status\":\"healthy\",\"timestamp\":\"2025-12-04T12:00:00Z\"}"
  }

 for request:

  {
    "method" : "GET",
    "path" : "/api/internal/v1/health",
    "headers" : {
      "content-length" : [ "0" ],
      "User-Agent" : [ "Apache-HttpClient/4.5.13 (Java/17.0.17)" ],
      "Host" : [ "localhost:8888" ],
      "Connection" : [ "Keep-Alive" ],
      "Accept-Encoding" : [ "gzip,deflate" ],
      "Accept" : [ "*/*" ]
    },
    "keepAlive" : true,
    "secure" : false,
    "protocol" : "HTTP_1_1",
    "localAddress" : "127.0.0.1:8888",
    "remoteAddress" : "127.0.0.1:59968"
  }

 for action:

  {
    "statusCode" : 200,
    "headers" : {
      "Content-Type" : [ "application/json" ]
    },
    "body" : "{\"status\":\"healthy\",\"timestamp\":\"2025-12-04T12:00:00Z\"}"
  }

 from expectation:

  58f15803-0bf7-4738-b59f-6ccdd2b0a017

00:21:32.754 [MockServer-MockServer-workerEventLoop43] DEBUG com.networknt.schema.PropertiesValidator -- validate( {"httpRequest":{"method":"GET","path":"/api/internal/v1/health"},"times":{"atLeast":1,"atMost":1}}, {"httpRequest":{"method":"GET","path":"/api/internal/v1/health"},"times":{"atLeast":1,"atMost":1}}, $)
00:21:32.754 [MockServer-MockServer-workerEventLoop43] DEBUG com.networknt.schema.RefValidator -- validate( {"method":"GET","path":"/api/internal/v1/health"}, {"httpRequest":{"method":"GET","path":"/api/internal/v1/health"},"times":{"atLeast":1,"atMost":1}}, $.httpRequest)
00:21:32.754 [MockServer-MockServer-workerEventLoop43] DEBUG com.networknt.schema.RequiredValidator -- validate( {"method":"GET","path":"/api/internal/v1/health"}, {"httpRequest":{"method":"GET","path":"/api/internal/v1/health"},"times":{"atLeast":1,"atMost":1}}, $.httpRequest)
00:21:32.754 [MockServer-MockServer-workerEventLoop43] DEBUG com.networknt.schema.RefValidator -- validate( {"method":"GET","path":"/api/internal/v1/health"}, {"httpRequest":{"method":"GET","path":"/api/internal/v1/health"},"times":{"atLeast":1,"atMost":1}}, $.httpRequest)
00:21:32.755 [MockServer-MockServer-workerEventLoop43] DEBUG com.networknt.schema.PropertiesValidator -- validate( {"method":"GET","path":"/api/internal/v1/health"}, {"httpRequest":{"method":"GET","path":"/api/internal/v1/health"},"times":{"atLeast":1,"atMost":1}}, $.httpRequest)
00:21:32.755 [MockServer-MockServer-workerEventLoop43] DEBUG com.networknt.schema.RefValidator -- validate( "GET", {"httpRequest":{"method":"GET","path":"/api/internal/v1/health"},"times":{"atLeast":1,"atMost":1}}, $.httpRequest.method)
00:21:32.755 [MockServer-MockServer-workerEventLoop43] DEBUG com.networknt.schema.OneOfValidator -- validate( "GET", {"httpRequest":{"method":"GET","path":"/api/internal/v1/health"},"times":{"atLeast":1,"atMost":1}}, $.httpRequest.method)
00:21:32.755 [MockServer-MockServer-workerEventLoop43] DEBUG com.networknt.schema.TypeValidator -- validate( "GET", {"httpRequest":{"method":"GET","path":"/api/internal/v1/health"},"times":{"atLeast":1,"atMost":1}}, $.httpRequest.method)
00:21:32.755 [MockServer-MockServer-workerEventLoop43] DEBUG com.networknt.schema.PropertiesValidator -- validate( "GET", {"httpRequest":{"method":"GET","path":"/api/internal/v1/health"},"times":{"atLeast":1,"atMost":1}}, $.httpRequest.method)
00:21:32.755 [MockServer-MockServer-workerEventLoop43] DEBUG com.networknt.schema.AdditionalPropertiesValidator -- validate( "GET", {"httpRequest":{"method":"GET","path":"/api/internal/v1/health"},"times":{"atLeast":1,"atMost":1}}, $.httpRequest.method)
00:21:32.755 [MockServer-MockServer-workerEventLoop43] DEBUG com.networknt.schema.TypeValidator -- validate( "GET", {"httpRequest":{"method":"GET","path":"/api/internal/v1/health"},"times":{"atLeast":1,"atMost":1}}, $.httpRequest.method)
00:21:32.755 [MockServer-MockServer-workerEventLoop43] DEBUG com.networknt.schema.RefValidator -- validate( "/api/internal/v1/health", {"httpRequest":{"method":"GET","path":"/api/internal/v1/health"},"times":{"atLeast":1,"atMost":1}}, $.httpRequest.path)
00:21:32.755 [MockServer-MockServer-workerEventLoop43] DEBUG com.networknt.schema.OneOfValidator -- validate( "/api/internal/v1/health", {"httpRequest":{"method":"GET","path":"/api/internal/v1/health"},"times":{"atLeast":1,"atMost":1}}, $.httpRequest.path)
00:21:32.755 [MockServer-MockServer-workerEventLoop43] DEBUG com.networknt.schema.TypeValidator -- validate( "/api/internal/v1/health", {"httpRequest":{"method":"GET","path":"/api/internal/v1/health"},"times":{"atLeast":1,"atMost":1}}, $.httpRequest.path)
00:21:32.755 [MockServer-MockServer-workerEventLoop43] DEBUG com.networknt.schema.PropertiesValidator -- validate( "/api/internal/v1/health", {"httpRequest":{"method":"GET","path":"/api/internal/v1/health"},"times":{"atLeast":1,"atMost":1}}, $.httpRequest.path)
00:21:32.755 [MockServer-MockServer-workerEventLoop43] DEBUG com.networknt.schema.AdditionalPropertiesValidator -- validate( "/api/internal/v1/health", {"httpRequest":{"method":"GET","path":"/api/internal/v1/health"},"times":{"atLeast":1,"atMost":1}}, $.httpRequest.path)
00:21:32.755 [MockServer-MockServer-workerEventLoop43] DEBUG com.networknt.schema.TypeValidator -- validate( "/api/internal/v1/health", {"httpRequest":{"method":"GET","path":"/api/internal/v1/health"},"times":{"atLeast":1,"atMost":1}}, $.httpRequest.path)
00:21:32.755 [MockServer-MockServer-workerEventLoop43] DEBUG com.networknt.schema.AdditionalPropertiesValidator -- validate( {"method":"GET","path":"/api/internal/v1/health"}, {"httpRequest":{"method":"GET","path":"/api/internal/v1/health"},"times":{"atLeast":1,"atMost":1}}, $.httpRequest)
00:21:32.755 [MockServer-MockServer-workerEventLoop43] DEBUG com.networknt.schema.TypeValidator -- validate( {"method":"GET","path":"/api/internal/v1/health"}, {"httpRequest":{"method":"GET","path":"/api/internal/v1/health"},"times":{"atLeast":1,"atMost":1}}, $.httpRequest)
00:21:32.755 [MockServer-MockServer-workerEventLoop43] DEBUG com.networknt.schema.RefValidator -- validate( {"atLeast":1,"atMost":1}, {"httpRequest":{"method":"GET","path":"/api/internal/v1/health"},"times":{"atLeast":1,"atMost":1}}, $.times)
00:21:32.756 [MockServer-MockServer-workerEventLoop43] DEBUG com.networknt.schema.PropertiesValidator -- validate( {"atLeast":1,"atMost":1}, {"httpRequest":{"method":"GET","path":"/api/internal/v1/health"},"times":{"atLeast":1,"atMost":1}}, $.times)
00:21:32.756 [MockServer-MockServer-workerEventLoop43] DEBUG com.networknt.schema.TypeValidator -- validate( 1, {"httpRequest":{"method":"GET","path":"/api/internal/v1/health"},"times":{"atLeast":1,"atMost":1}}, $.times.atLeast)
00:21:32.756 [MockServer-MockServer-workerEventLoop43] DEBUG com.networknt.schema.TypeValidator -- validate( 1, {"httpRequest":{"method":"GET","path":"/api/internal/v1/health"},"times":{"atLeast":1,"atMost":1}}, $.times.atMost)
00:21:32.756 [MockServer-MockServer-workerEventLoop43] DEBUG com.networknt.schema.AdditionalPropertiesValidator -- validate( {"atLeast":1,"atMost":1}, {"httpRequest":{"method":"GET","path":"/api/internal/v1/health"},"times":{"atLeast":1,"atMost":1}}, $.times)
00:21:32.756 [MockServer-MockServer-workerEventLoop43] DEBUG com.networknt.schema.TypeValidator -- validate( {"atLeast":1,"atMost":1}, {"httpRequest":{"method":"GET","path":"/api/internal/v1/health"},"times":{"atLeast":1,"atMost":1}}, $.times)
00:21:32.756 [MockServer-MockServer-workerEventLoop43] DEBUG com.networknt.schema.AdditionalPropertiesValidator -- validate( {"httpRequest":{"method":"GET","path":"/api/internal/v1/health"},"times":{"atLeast":1,"atMost":1}}, {"httpRequest":{"method":"GET","path":"/api/internal/v1/health"},"times":{"atLeast":1,"atMost":1}}, $)
00:21:32.756 [MockServer-MockServer-workerEventLoop43] DEBUG com.networknt.schema.OneOfValidator -- validate( {"httpRequest":{"method":"GET","path":"/api/internal/v1/health"},"times":{"atLeast":1,"atMost":1}}, {"httpRequest":{"method":"GET","path":"/api/internal/v1/health"},"times":{"atLeast":1,"atMost":1}}, $)
00:21:32.756 [MockServer-MockServer-workerEventLoop43] DEBUG com.networknt.schema.RequiredValidator -- validate( {"httpRequest":{"method":"GET","path":"/api/internal/v1/health"},"times":{"atLeast":1,"atMost":1}}, {"httpRequest":{"method":"GET","path":"/api/internal/v1/health"},"times":{"atLeast":1,"atMost":1}}, $)
00:21:32.756 [MockServer-MockServer-workerEventLoop43] DEBUG com.networknt.schema.RequiredValidator -- validate( {"httpRequest":{"method":"GET","path":"/api/internal/v1/health"},"times":{"atLeast":1,"atMost":1}}, {"httpRequest":{"method":"GET","path":"/api/internal/v1/health"},"times":{"atLeast":1,"atMost":1}}, $)
00:21:32.756 [MockServer-MockServer-workerEventLoop43] DEBUG com.networknt.schema.TypeValidator -- validate( {"httpRequest":{"method":"GET","path":"/api/internal/v1/health"},"times":{"atLeast":1,"atMost":1}}, {"httpRequest":{"method":"GET","path":"/api/internal/v1/health"},"times":{"atLeast":1,"atMost":1}}, $)
00:21:32.760 [MockServer-EventLog36] INFO org.mockserver.log.MockServerEventLog -- 8888 verifying requests that match:

  {
    "httpRequest" : {
      "method" : "GET",
      "path" : "/api/internal/v1/health"
    },
    "times" : {
      "atLeast" : 1,
      "atMost" : 1
    }
  }

00:21:32.765 [MockServer-EventLog36] INFO org.mockserver.log.MockServerEventLog -- request:

  {
    "method" : "GET",
    "path" : "/api/internal/v1/health"
  }

 found exactly once
]]></system-out>
  </testcase>
</testsuite>