<?xml version="1.0" encoding="UTF-8"?>
<testsuite xmlns:xsi="http://www.w3.org/2001/XMLSchema-instance" xsi:noNamespaceSchemaLocation="https://maven.apache.org/surefire/maven-surefire-plugin/xsd/surefire-test-report-3.0.xsd" version="3.0" name="com.se300.store.controller.externalmockserver.ExternalMockServerTest" time="0.017" tests="13" errors="0" skipped="13" failures="0">
  <properties/>
  <testcase name="testGetAllStores" classname="com.se300.store.controller.externalmockserver.ExternalMockServerTest" time="0.0">
    <skipped message="External tests disabled - requires actual Apidog or mock server endpoint"/>
  </testcase>
  <testcase name="testGetStoreById" classname="com.se300.store.controller.externalmockserver.ExternalMockServerTest" time="0.0">
    <skipped message="External tests disabled - requires actual Apidog or mock server endpoint"/>
  </testcase>
  <testcase name="testCreateStore" classname="com.se300.store.controller.externalmockserver.ExternalMockServerTest" time="0.0">
    <skipped message="External tests disabled - requires actual Apidog or mock server endpoint"/>
  </testcase>
  <testcase name="testUpdateStore" classname="com.se300.store.controller.externalmockserver.ExternalMockServerTest" time="0.0">
    <skipped message="External tests disabled - requires actual Apidog or mock server endpoint"/>
  </testcase>
  <testcase name="testDeleteStore" classname="com.se300.store.controller.externalmockserver.ExternalMockServerTest" time="0.0">
    <skipped message="External tests disabled - requires actual Apidog or mock server endpoint"/>
  </testcase>
  <testcase name="testGetAllUsers" classname="com.se300.store.controller.externalmockserver.ExternalMockServerTest" time="0.0">
    <skipped message="External tests disabled - requires actual Apidog or mock server endpoint"/>
  </testcase>
  <testcase name="testRegisterUser" classname="com.se300.store.controller.externalmockserver.ExternalMockServerTest" time="0.0">
    <skipped message="External tests disabled - requires actual Apidog or mock server endpoint"/>
  </testcase>
  <testcase name="testGetUserByEmail" classname="com.se300.store.controller.externalmockserver.ExternalMockServerTest" time="0.0">
    <skipped message="External tests disabled - requires actual Apidog or mock server endpoint"/>
  </testcase>
  <testcase name="testUpdateUser" classname="com.se300.store.controller.externalmockserver.ExternalMockServerTest" time="0.0">
    <skipped message="External tests disabled - requires actual Apidog or mock server endpoint"/>
  </testcase>
  <testcase name="testGetNonExistentStore" classname="com.se300.store.controller.externalmockserver.ExternalMockServerTest" time="0.0">
    <skipped message="External tests disabled - requires actual Apidog or mock server endpoint"/>
  </testcase>
  <testcase name="testCreateStoreWithMissingParameters" classname="com.se300.store.controller.externalmockserver.ExternalMockServerTest" time="0.0">
    <skipped message="External tests disabled - requires actual Apidog or mock server endpoint"/>
  </testcase>
  <testcase name="testCompleteStoreLifecycle" classname="com.se300.store.controller.externalmockserver.ExternalMockServerTest" time="0.0">
    <skipped message="External tests disabled - requires actual Apidog or mock server endpoint"/>
  </testcase>
  <testcase name="testApiResponseTime" classname="com.se300.store.controller.externalmockserver.ExternalMockServerTest" time="0.0">
    <skipped message="External tests disabled - requires actual Apidog or mock server endpoint"/>
  </testcase>
</testsuite>